[2025-04-01T10:28:21.428+0000] {local_task_job_runner.py:120} INFO - ::group::Pre task execution logs
[2025-04-01T10:28:21.477+0000] {taskinstance.py:2076} INFO - Dependencies all met for dep_context=non-requeueable deps ti=<TaskInstance: crawl_tamanh.crawl_batch_659 manual__2025-04-01T10:20:49.795229+00:00 [queued]>
[2025-04-01T10:28:21.507+0000] {taskinstance.py:2076} INFO - Dependencies all met for dep_context=requeueable deps ti=<TaskInstance: crawl_tamanh.crawl_batch_659 manual__2025-04-01T10:20:49.795229+00:00 [queued]>
[2025-04-01T10:28:21.508+0000] {taskinstance.py:2306} INFO - Starting attempt 1 of 3
[2025-04-01T10:28:21.522+0000] {taskinstance.py:2330} INFO - Executing <Task(PythonOperator): crawl_batch_659> on 2025-04-01 10:20:49.795229+00:00
[2025-04-01T10:28:21.534+0000] {logging_mixin.py:188} WARNING - /home/***/.local/lib/python3.12/site-packages/***/task/task_runner/standard_task_runner.py:61 DeprecationWarning: This process (pid=7420) is multi-threaded, use of fork() may lead to deadlocks in the child.
[2025-04-01T10:28:21.534+0000] {standard_task_runner.py:90} INFO - Running: ['***', 'tasks', 'run', 'crawl_tamanh', 'crawl_batch_659', 'manual__2025-04-01T10:20:49.795229+00:00', '--job-id', '2227', '--raw', '--subdir', 'DAGS_FOLDER/crawl_data_with_dag.py', '--cfg-path', '/tmp/tmpmgx6n5i6']
[2025-04-01T10:28:21.535+0000] {standard_task_runner.py:63} INFO - Started process 7426 to run task
[2025-04-01T10:28:21.535+0000] {standard_task_runner.py:91} INFO - Job 2227: Subtask crawl_batch_659
[2025-04-01T10:28:21.579+0000] {task_command.py:426} INFO - Running <TaskInstance: crawl_tamanh.crawl_batch_659 manual__2025-04-01T10:20:49.795229+00:00 [running]> on host a2df5b4b52f3
[2025-04-01T10:28:21.658+0000] {taskinstance.py:2648} INFO - Exporting env vars: AIRFLOW_CTX_DAG_OWNER='***' AIRFLOW_CTX_DAG_ID='crawl_tamanh' AIRFLOW_CTX_TASK_ID='crawl_batch_659' AIRFLOW_CTX_EXECUTION_DATE='2025-04-01T10:20:49.795229+00:00' AIRFLOW_CTX_TRY_NUMBER='1' AIRFLOW_CTX_DAG_RUN_ID='manual__2025-04-01T10:20:49.795229+00:00'
[2025-04-01T10:28:21.660+0000] {taskinstance.py:430} INFO - ::endgroup::
[2025-04-01T10:28:29.277+0000] {taskinstance.py:441} INFO - ::group::Post task execution logs
[2025-04-01T10:28:29.279+0000] {taskinstance.py:2905} ERROR - Task failed with exception
Traceback (most recent call last):
  File "/home/airflow/.local/lib/python3.12/site-packages/airflow/models/taskinstance.py", line 465, in _execute_task
    result = _execute_callable(context=context, **execute_callable_kwargs)
             ^^^^^^^^^^^^^^^^^^^^^^^^^^^^^^^^^^^^^^^^^^^^^^^^^^^^^^^^^^^^^
  File "/home/airflow/.local/lib/python3.12/site-packages/airflow/models/taskinstance.py", line 432, in _execute_callable
    return execute_callable(context=context, **execute_callable_kwargs)
           ^^^^^^^^^^^^^^^^^^^^^^^^^^^^^^^^^^^^^^^^^^^^^^^^^^^^^^^^^^^^
  File "/home/airflow/.local/lib/python3.12/site-packages/airflow/models/baseoperator.py", line 401, in wrapper
    return func(self, *args, **kwargs)
           ^^^^^^^^^^^^^^^^^^^^^^^^^^^
  File "/home/airflow/.local/lib/python3.12/site-packages/airflow/operators/python.py", line 235, in execute
    return_value = self.execute_callable()
                   ^^^^^^^^^^^^^^^^^^^^^^^
  File "/home/airflow/.local/lib/python3.12/site-packages/airflow/operators/python.py", line 252, in execute_callable
    return self.python_callable(*self.op_args, **self.op_kwargs)
           ^^^^^^^^^^^^^^^^^^^^^^^^^^^^^^^^^^^^^^^^^^^^^^^^^^^^^
  File "/opt/airflow/dags/crawl_data_with_dag.py", line 101, in process_batch
    writer.writerows(results)
  File "/usr/local/lib/python3.12/csv.py", line 167, in writerows
    return self.writer.writerows(map(self._dict_to_list, rowdicts))
           ^^^^^^^^^^^^^^^^^^^^^^^^^^^^^^^^^^^^^^^^^^^^^^^^^^^^^^^^
  File "/usr/local/lib/python3.12/csv.py", line 157, in _dict_to_list
    wrong_fields = rowdict.keys() - self.fieldnames
                   ^^^^^^^^^^^^
AttributeError: 'str' object has no attribute 'keys'
[2025-04-01T10:28:29.296+0000] {taskinstance.py:1206} INFO - Marking task as UP_FOR_RETRY. dag_id=crawl_tamanh, task_id=crawl_batch_659, run_id=manual__2025-04-01T10:20:49.795229+00:00, execution_date=20250401T102049, start_date=20250401T102821, end_date=20250401T102829
[2025-04-01T10:28:29.522+0000] {standard_task_runner.py:110} ERROR - Failed to execute job 2227 for task crawl_batch_659 ('str' object has no attribute 'keys'; 7426)
[2025-04-01T10:28:29.567+0000] {local_task_job_runner.py:240} INFO - Task exited with return code 1
[2025-04-01T10:28:29.575+0000] {local_task_job_runner.py:222} INFO - ::endgroup::
