[2025-04-01T10:11:27.993+0000] {local_task_job_runner.py:120} INFO - ::group::Pre task execution logs
[2025-04-01T10:11:28.024+0000] {taskinstance.py:2076} INFO - Dependencies all met for dep_context=non-requeueable deps ti=<TaskInstance: crawl_tamanh.crawl_batch_166 manual__2025-04-01T10:09:11.112407+00:00 [queued]>
[2025-04-01T10:11:28.036+0000] {taskinstance.py:2076} INFO - Dependencies all met for dep_context=requeueable deps ti=<TaskInstance: crawl_tamanh.crawl_batch_166 manual__2025-04-01T10:09:11.112407+00:00 [queued]>
[2025-04-01T10:11:28.036+0000] {taskinstance.py:2306} INFO - Starting attempt 1 of 3
[2025-04-01T10:11:28.048+0000] {taskinstance.py:2330} INFO - Executing <Task(PythonOperator): crawl_batch_166> on 2025-04-01 10:09:11.112407+00:00
[2025-04-01T10:11:28.058+0000] {logging_mixin.py:188} WARNING - /home/***/.local/lib/python3.12/site-packages/***/task/task_runner/standard_task_runner.py:61 DeprecationWarning: This process (pid=2507) is multi-threaded, use of fork() may lead to deadlocks in the child.
[2025-04-01T10:11:28.059+0000] {standard_task_runner.py:63} INFO - Started process 2510 to run task
[2025-04-01T10:11:28.058+0000] {standard_task_runner.py:90} INFO - Running: ['***', 'tasks', 'run', 'crawl_tamanh', 'crawl_batch_166', 'manual__2025-04-01T10:09:11.112407+00:00', '--job-id', '723', '--raw', '--subdir', 'DAGS_FOLDER/crawl_data_with_dag.py', '--cfg-path', '/tmp/tmpfeu8o1gq']
[2025-04-01T10:11:28.060+0000] {standard_task_runner.py:91} INFO - Job 723: Subtask crawl_batch_166
[2025-04-01T10:11:28.097+0000] {task_command.py:426} INFO - Running <TaskInstance: crawl_tamanh.crawl_batch_166 manual__2025-04-01T10:09:11.112407+00:00 [running]> on host a2df5b4b52f3
[2025-04-01T10:11:28.175+0000] {taskinstance.py:2648} INFO - Exporting env vars: AIRFLOW_CTX_DAG_OWNER='***' AIRFLOW_CTX_DAG_ID='crawl_tamanh' AIRFLOW_CTX_TASK_ID='crawl_batch_166' AIRFLOW_CTX_EXECUTION_DATE='2025-04-01T10:09:11.112407+00:00' AIRFLOW_CTX_TRY_NUMBER='1' AIRFLOW_CTX_DAG_RUN_ID='manual__2025-04-01T10:09:11.112407+00:00'
[2025-04-01T10:11:28.176+0000] {taskinstance.py:430} INFO - ::endgroup::
[2025-04-01T10:11:34.698+0000] {taskinstance.py:441} INFO - ::group::Post task execution logs
[2025-04-01T10:11:34.699+0000] {taskinstance.py:2905} ERROR - Task failed with exception
Traceback (most recent call last):
  File "/home/airflow/.local/lib/python3.12/site-packages/airflow/models/taskinstance.py", line 465, in _execute_task
    result = _execute_callable(context=context, **execute_callable_kwargs)
             ^^^^^^^^^^^^^^^^^^^^^^^^^^^^^^^^^^^^^^^^^^^^^^^^^^^^^^^^^^^^^
  File "/home/airflow/.local/lib/python3.12/site-packages/airflow/models/taskinstance.py", line 432, in _execute_callable
    return execute_callable(context=context, **execute_callable_kwargs)
           ^^^^^^^^^^^^^^^^^^^^^^^^^^^^^^^^^^^^^^^^^^^^^^^^^^^^^^^^^^^^
  File "/home/airflow/.local/lib/python3.12/site-packages/airflow/models/baseoperator.py", line 401, in wrapper
    return func(self, *args, **kwargs)
           ^^^^^^^^^^^^^^^^^^^^^^^^^^^
  File "/home/airflow/.local/lib/python3.12/site-packages/airflow/operators/python.py", line 235, in execute
    return_value = self.execute_callable()
                   ^^^^^^^^^^^^^^^^^^^^^^^
  File "/home/airflow/.local/lib/python3.12/site-packages/airflow/operators/python.py", line 252, in execute_callable
    return self.python_callable(*self.op_args, **self.op_kwargs)
           ^^^^^^^^^^^^^^^^^^^^^^^^^^^^^^^^^^^^^^^^^^^^^^^^^^^^^
  File "/opt/airflow/dags/crawl_data_with_dag.py", line 101, in process_batch
    writer.writerows(results)
  File "/usr/local/lib/python3.12/csv.py", line 167, in writerows
    return self.writer.writerows(map(self._dict_to_list, rowdicts))
           ^^^^^^^^^^^^^^^^^^^^^^^^^^^^^^^^^^^^^^^^^^^^^^^^^^^^^^^^
  File "/usr/local/lib/python3.12/csv.py", line 157, in _dict_to_list
    wrong_fields = rowdict.keys() - self.fieldnames
                   ^^^^^^^^^^^^
AttributeError: 'str' object has no attribute 'keys'
[2025-04-01T10:11:34.712+0000] {taskinstance.py:1206} INFO - Marking task as UP_FOR_RETRY. dag_id=crawl_tamanh, task_id=crawl_batch_166, run_id=manual__2025-04-01T10:09:11.112407+00:00, execution_date=20250401T100911, start_date=20250401T101128, end_date=20250401T101134
[2025-04-01T10:11:34.726+0000] {standard_task_runner.py:110} ERROR - Failed to execute job 723 for task crawl_batch_166 ('str' object has no attribute 'keys'; 2510)
[2025-04-01T10:11:34.772+0000] {local_task_job_runner.py:240} INFO - Task exited with return code 1
[2025-04-01T10:11:34.787+0000] {taskinstance.py:3503} INFO - 0 downstream tasks scheduled from follow-on schedule check
[2025-04-01T10:11:34.789+0000] {local_task_job_runner.py:222} INFO - ::endgroup::
