[2025-04-01T09:31:02.479+0000] {local_task_job_runner.py:120} INFO - ::group::Pre task execution logs
[2025-04-01T09:31:02.507+0000] {taskinstance.py:2076} INFO - Dependencies all met for dep_context=non-requeueable deps ti=<TaskInstance: crawl_tamanh.crawl_batch_7 manual__2025-04-01T09:25:58.677667+00:00 [queued]>
[2025-04-01T09:31:02.514+0000] {taskinstance.py:2076} INFO - Dependencies all met for dep_context=requeueable deps ti=<TaskInstance: crawl_tamanh.crawl_batch_7 manual__2025-04-01T09:25:58.677667+00:00 [queued]>
[2025-04-01T09:31:02.515+0000] {taskinstance.py:2306} INFO - Starting attempt 2 of 3
[2025-04-01T09:31:02.527+0000] {taskinstance.py:2330} INFO - Executing <Task(PythonOperator): crawl_batch_7> on 2025-04-01 09:25:58.677667+00:00
[2025-04-01T09:31:02.535+0000] {logging_mixin.py:188} WARNING - /home/***/.local/lib/python3.12/site-packages/***/task/task_runner/standard_task_runner.py:61 DeprecationWarning: This process (pid=2146) is multi-threaded, use of fork() may lead to deadlocks in the child.
[2025-04-01T09:31:02.534+0000] {standard_task_runner.py:90} INFO - Running: ['***', 'tasks', 'run', 'crawl_tamanh', 'crawl_batch_7', 'manual__2025-04-01T09:25:58.677667+00:00', '--job-id', '181', '--raw', '--subdir', 'DAGS_FOLDER/crawl_data_with_dag.py', '--cfg-path', '/tmp/tmpyupb2332']
[2025-04-01T09:31:02.536+0000] {standard_task_runner.py:91} INFO - Job 181: Subtask crawl_batch_7
[2025-04-01T09:31:02.536+0000] {standard_task_runner.py:63} INFO - Started process 2148 to run task
[2025-04-01T09:31:02.580+0000] {task_command.py:426} INFO - Running <TaskInstance: crawl_tamanh.crawl_batch_7 manual__2025-04-01T09:25:58.677667+00:00 [running]> on host a2df5b4b52f3
[2025-04-01T09:31:02.654+0000] {taskinstance.py:2648} INFO - Exporting env vars: AIRFLOW_CTX_DAG_OWNER='***' AIRFLOW_CTX_DAG_ID='crawl_tamanh' AIRFLOW_CTX_TASK_ID='crawl_batch_7' AIRFLOW_CTX_EXECUTION_DATE='2025-04-01T09:25:58.677667+00:00' AIRFLOW_CTX_TRY_NUMBER='2' AIRFLOW_CTX_DAG_RUN_ID='manual__2025-04-01T09:25:58.677667+00:00'
[2025-04-01T09:31:02.656+0000] {taskinstance.py:430} INFO - ::endgroup::
[2025-04-01T09:31:02.677+0000] {taskinstance.py:441} INFO - ::group::Post task execution logs
[2025-04-01T09:31:02.678+0000] {taskinstance.py:2905} ERROR - Task failed with exception
Traceback (most recent call last):
  File "/home/airflow/.local/lib/python3.12/site-packages/airflow/models/taskinstance.py", line 465, in _execute_task
    result = _execute_callable(context=context, **execute_callable_kwargs)
             ^^^^^^^^^^^^^^^^^^^^^^^^^^^^^^^^^^^^^^^^^^^^^^^^^^^^^^^^^^^^^
  File "/home/airflow/.local/lib/python3.12/site-packages/airflow/models/taskinstance.py", line 432, in _execute_callable
    return execute_callable(context=context, **execute_callable_kwargs)
           ^^^^^^^^^^^^^^^^^^^^^^^^^^^^^^^^^^^^^^^^^^^^^^^^^^^^^^^^^^^^
  File "/home/airflow/.local/lib/python3.12/site-packages/airflow/models/baseoperator.py", line 401, in wrapper
    return func(self, *args, **kwargs)
           ^^^^^^^^^^^^^^^^^^^^^^^^^^^
  File "/home/airflow/.local/lib/python3.12/site-packages/airflow/operators/python.py", line 235, in execute
    return_value = self.execute_callable()
                   ^^^^^^^^^^^^^^^^^^^^^^^
  File "/home/airflow/.local/lib/python3.12/site-packages/airflow/operators/python.py", line 252, in execute_callable
    return self.python_callable(*self.op_args, **self.op_kwargs)
           ^^^^^^^^^^^^^^^^^^^^^^^^^^^^^^^^^^^^^^^^^^^^^^^^^^^^^
  File "/opt/airflow/dags/crawl_data_with_dag.py", line 90, in process_batch
    batch_urls = batches[batch_index]
                 ~~~~~~~^^^^^^^^^^^^^
IndexError: list index out of range
[2025-04-01T09:31:02.691+0000] {taskinstance.py:1206} INFO - Marking task as UP_FOR_RETRY. dag_id=crawl_tamanh, task_id=crawl_batch_7, run_id=manual__2025-04-01T09:25:58.677667+00:00, execution_date=20250401T092558, start_date=20250401T093102, end_date=20250401T093102
[2025-04-01T09:31:02.703+0000] {standard_task_runner.py:110} ERROR - Failed to execute job 181 for task crawl_batch_7 (list index out of range; 2148)
[2025-04-01T09:31:02.710+0000] {local_task_job_runner.py:240} INFO - Task exited with return code 1
[2025-04-01T09:31:02.725+0000] {taskinstance.py:3503} INFO - 0 downstream tasks scheduled from follow-on schedule check
[2025-04-01T09:31:02.727+0000] {local_task_job_runner.py:222} INFO - ::endgroup::
