[2025-04-01T09:13:41.667+0000] {local_task_job_runner.py:120} INFO - ::group::Pre task execution logs
[2025-04-01T09:13:41.700+0000] {taskinstance.py:2076} INFO - Dependencies all met for dep_context=non-requeueable deps ti=<TaskInstance: crawl_tamanh.crawl_batch_5 manual__2025-04-01T09:11:54.136173+00:00 [queued]>
[2025-04-01T09:13:41.711+0000] {taskinstance.py:2076} INFO - Dependencies all met for dep_context=requeueable deps ti=<TaskInstance: crawl_tamanh.crawl_batch_5 manual__2025-04-01T09:11:54.136173+00:00 [queued]>
[2025-04-01T09:13:41.712+0000] {taskinstance.py:2306} INFO - Starting attempt 1 of 3
[2025-04-01T09:13:41.726+0000] {taskinstance.py:2330} INFO - Executing <Task(PythonOperator): crawl_batch_5> on 2025-04-01 09:11:54.136173+00:00
[2025-04-01T09:13:41.737+0000] {logging_mixin.py:188} WARNING - /home/***/.local/lib/python3.12/site-packages/***/task/task_runner/standard_task_runner.py:61 DeprecationWarning: This process (pid=1428) is multi-threaded, use of fork() may lead to deadlocks in the child.
[2025-04-01T09:13:41.738+0000] {standard_task_runner.py:63} INFO - Started process 1430 to run task
[2025-04-01T09:13:41.738+0000] {standard_task_runner.py:90} INFO - Running: ['***', 'tasks', 'run', 'crawl_tamanh', 'crawl_batch_5', 'manual__2025-04-01T09:11:54.136173+00:00', '--job-id', '92', '--raw', '--subdir', 'DAGS_FOLDER/crawl_data_with_dag.py', '--cfg-path', '/tmp/tmpub8d3ata']
[2025-04-01T09:13:41.740+0000] {standard_task_runner.py:91} INFO - Job 92: Subtask crawl_batch_5
[2025-04-01T09:13:41.787+0000] {task_command.py:426} INFO - Running <TaskInstance: crawl_tamanh.crawl_batch_5 manual__2025-04-01T09:11:54.136173+00:00 [running]> on host a2df5b4b52f3
[2025-04-01T09:13:41.879+0000] {taskinstance.py:2648} INFO - Exporting env vars: AIRFLOW_CTX_DAG_OWNER='***' AIRFLOW_CTX_DAG_ID='crawl_tamanh' AIRFLOW_CTX_TASK_ID='crawl_batch_5' AIRFLOW_CTX_EXECUTION_DATE='2025-04-01T09:11:54.136173+00:00' AIRFLOW_CTX_TRY_NUMBER='1' AIRFLOW_CTX_DAG_RUN_ID='manual__2025-04-01T09:11:54.136173+00:00'
[2025-04-01T09:13:41.880+0000] {taskinstance.py:430} INFO - ::endgroup::
[2025-04-01T09:15:07.494+0000] {local_task_job_runner.py:310} WARNING - State of this instance has been externally set to None. Terminating instance.
[2025-04-01T09:15:07.496+0000] {local_task_job_runner.py:222} INFO - ::endgroup::
[2025-04-01T09:15:07.498+0000] {process_utils.py:132} INFO - Sending 15 to group 1430. PIDs of all processes in the group: [1430]
[2025-04-01T09:15:07.499+0000] {process_utils.py:87} INFO - Sending the signal 15 to group 1430
[2025-04-01T09:15:07.499+0000] {taskinstance.py:2611} ERROR - Received SIGTERM. Terminating subprocesses.
[2025-04-01T09:15:07.500+0000] {taskinstance.py:441} INFO - ::group::Post task execution logs
[2025-04-01T09:15:07.508+0000] {taskinstance.py:2905} ERROR - Task failed with exception
Traceback (most recent call last):
  File "/home/airflow/.local/lib/python3.12/site-packages/airflow/models/taskinstance.py", line 465, in _execute_task
    result = _execute_callable(context=context, **execute_callable_kwargs)
             ^^^^^^^^^^^^^^^^^^^^^^^^^^^^^^^^^^^^^^^^^^^^^^^^^^^^^^^^^^^^^
  File "/home/airflow/.local/lib/python3.12/site-packages/airflow/models/taskinstance.py", line 432, in _execute_callable
    return execute_callable(context=context, **execute_callable_kwargs)
           ^^^^^^^^^^^^^^^^^^^^^^^^^^^^^^^^^^^^^^^^^^^^^^^^^^^^^^^^^^^^
  File "/home/airflow/.local/lib/python3.12/site-packages/airflow/models/baseoperator.py", line 401, in wrapper
    return func(self, *args, **kwargs)
           ^^^^^^^^^^^^^^^^^^^^^^^^^^^
  File "/home/airflow/.local/lib/python3.12/site-packages/airflow/operators/python.py", line 235, in execute
    return_value = self.execute_callable()
                   ^^^^^^^^^^^^^^^^^^^^^^^
  File "/home/airflow/.local/lib/python3.12/site-packages/airflow/operators/python.py", line 252, in execute_callable
    return self.python_callable(*self.op_args, **self.op_kwargs)
           ^^^^^^^^^^^^^^^^^^^^^^^^^^^^^^^^^^^^^^^^^^^^^^^^^^^^^
  File "/opt/airflow/dags/crawl_data_with_dag.py", line 94, in process_batch
    results.extend(get_content_from_url(url))  # Lấy dữ liệu từng URL
                   ^^^^^^^^^^^^^^^^^^^^^^^^^
  File "/opt/airflow/dags/crawl_data_with_dag.py", line 40, in get_content_from_url
    response = requests.get(url, timeout=10)
               ^^^^^^^^^^^^^^^^^^^^^^^^^^^^^
  File "/home/airflow/.local/lib/python3.12/site-packages/requests/api.py", line 73, in get
    return request("get", url, params=params, **kwargs)
           ^^^^^^^^^^^^^^^^^^^^^^^^^^^^^^^^^^^^^^^^^^^^
  File "/home/airflow/.local/lib/python3.12/site-packages/requests/api.py", line 59, in request
    return session.request(method=method, url=url, **kwargs)
           ^^^^^^^^^^^^^^^^^^^^^^^^^^^^^^^^^^^^^^^^^^^^^^^^^
  File "/home/airflow/.local/lib/python3.12/site-packages/requests/sessions.py", line 589, in request
    resp = self.send(prep, **send_kwargs)
           ^^^^^^^^^^^^^^^^^^^^^^^^^^^^^^
  File "/home/airflow/.local/lib/python3.12/site-packages/requests/sessions.py", line 703, in send
    r = adapter.send(request, **kwargs)
        ^^^^^^^^^^^^^^^^^^^^^^^^^^^^^^^
  File "/home/airflow/.local/lib/python3.12/site-packages/requests/adapters.py", line 486, in send
    resp = conn.urlopen(
           ^^^^^^^^^^^^^
  File "/home/airflow/.local/lib/python3.12/site-packages/urllib3/connectionpool.py", line 793, in urlopen
    response = self._make_request(
               ^^^^^^^^^^^^^^^^^^^
  File "/home/airflow/.local/lib/python3.12/site-packages/urllib3/connectionpool.py", line 537, in _make_request
    response = conn.getresponse()
               ^^^^^^^^^^^^^^^^^^
  File "/home/airflow/.local/lib/python3.12/site-packages/urllib3/connection.py", line 466, in getresponse
    httplib_response = super().getresponse()
                       ^^^^^^^^^^^^^^^^^^^^^
  File "/usr/local/lib/python3.12/http/client.py", line 1428, in getresponse
    response.begin()
  File "/usr/local/lib/python3.12/http/client.py", line 331, in begin
    version, status, reason = self._read_status()
                              ^^^^^^^^^^^^^^^^^^^
  File "/usr/local/lib/python3.12/http/client.py", line 292, in _read_status
    line = str(self.fp.readline(_MAXLINE + 1), "iso-8859-1")
               ^^^^^^^^^^^^^^^^^^^^^^^^^^^^^^
  File "/usr/local/lib/python3.12/socket.py", line 708, in readinto
    return self._sock.recv_into(b)
           ^^^^^^^^^^^^^^^^^^^^^^^
  File "/usr/local/lib/python3.12/ssl.py", line 1252, in recv_into
    return self.read(nbytes, buffer)
           ^^^^^^^^^^^^^^^^^^^^^^^^^
  File "/usr/local/lib/python3.12/ssl.py", line 1104, in read
    return self._sslobj.read(len, buffer)
           ^^^^^^^^^^^^^^^^^^^^^^^^^^^^^^
  File "/home/airflow/.local/lib/python3.12/site-packages/airflow/models/taskinstance.py", line 2613, in signal_handler
    raise AirflowTaskTerminated("Task received SIGTERM signal")
airflow.exceptions.AirflowTaskTerminated: Task received SIGTERM signal
[2025-04-01T09:15:07.516+0000] {taskinstance.py:1206} INFO - Marking task as UP_FOR_RETRY. dag_id=crawl_tamanh, task_id=crawl_batch_5, run_id=manual__2025-04-01T09:11:54.136173+00:00, execution_date=20250401T091154, start_date=20250401T091341, end_date=20250401T091507
[2025-04-01T09:15:07.527+0000] {standard_task_runner.py:110} ERROR - Failed to execute job 92 for task crawl_batch_5 ((psycopg2.errors.ForeignKeyViolation) insert or update on table "task_fail" violates foreign key constraint "task_fail_ti_fkey"
DETAIL:  Key (dag_id, task_id, run_id, map_index)=(crawl_tamanh, crawl_batch_5, manual__2025-04-01T09:11:54.136173+00:00, -1) is not present in table "task_instance".

[SQL: INSERT INTO task_fail (task_id, dag_id, run_id, map_index, start_date, end_date, duration) VALUES (%(task_id)s, %(dag_id)s, %(run_id)s, %(map_index)s, %(start_date)s, %(end_date)s, %(duration)s) RETURNING task_fail.id]
[parameters: {'task_id': 'crawl_batch_5', 'dag_id': 'crawl_tamanh', 'run_id': 'manual__2025-04-01T09:11:54.136173+00:00', 'map_index': -1, 'start_date': datetime.datetime(2025, 4, 1, 9, 13, 41, 701448, tzinfo=Timezone('UTC')), 'end_date': datetime.datetime(2025, 4, 1, 9, 15, 7, 516310, tzinfo=Timezone('UTC')), 'duration': 85}]
(Background on this error at: https://sqlalche.me/e/14/gkpj); 1430)
[2025-04-01T09:15:07.551+0000] {process_utils.py:80} INFO - Process psutil.Process(pid=1430, status='terminated', exitcode=1, started='09:13:41') (1430) terminated with exit code 1
