[2025-03-05T15:12:18.389+0000] {local_task_job_runner.py:120} INFO - ::group::Pre task execution logs
[2025-03-05T15:12:18.421+0000] {taskinstance.py:2076} INFO - Dependencies all met for dep_context=non-requeueable deps ti=<TaskInstance: crawl_tamanh_split_storage.load_urls manual__2025-03-05T15:12:17.262451+00:00 [queued]>
[2025-03-05T15:12:18.429+0000] {taskinstance.py:2076} INFO - Dependencies all met for dep_context=requeueable deps ti=<TaskInstance: crawl_tamanh_split_storage.load_urls manual__2025-03-05T15:12:17.262451+00:00 [queued]>
[2025-03-05T15:12:18.429+0000] {taskinstance.py:2306} INFO - Starting attempt 1 of 3
[2025-03-05T15:12:18.446+0000] {taskinstance.py:2330} INFO - Executing <Task(PythonOperator): load_urls> on 2025-03-05 15:12:17.262451+00:00
[2025-03-05T15:12:18.454+0000] {standard_task_runner.py:90} INFO - Running: ['***', 'tasks', 'run', 'crawl_tamanh_split_storage', 'load_urls', 'manual__2025-03-05T15:12:17.262451+00:00', '--job-id', '187', '--raw', '--subdir', 'DAGS_FOLDER/crawl_data_to_hdfs_minio.py', '--cfg-path', '/tmp/tmptuj1l4fx']
[2025-03-05T15:12:18.456+0000] {logging_mixin.py:188} WARNING - /home/***/.local/lib/python3.12/site-packages/***/task/task_runner/standard_task_runner.py:61 DeprecationWarning: This process (pid=588) is multi-threaded, use of fork() may lead to deadlocks in the child.
[2025-03-05T15:12:18.458+0000] {standard_task_runner.py:91} INFO - Job 187: Subtask load_urls
[2025-03-05T15:12:18.458+0000] {standard_task_runner.py:63} INFO - Started process 596 to run task
[2025-03-05T15:12:18.508+0000] {task_command.py:426} INFO - Running <TaskInstance: crawl_tamanh_split_storage.load_urls manual__2025-03-05T15:12:17.262451+00:00 [running]> on host 849e908aac59
[2025-03-05T15:12:18.597+0000] {taskinstance.py:2648} INFO - Exporting env vars: AIRFLOW_CTX_DAG_OWNER='***' AIRFLOW_CTX_DAG_ID='crawl_tamanh_split_storage' AIRFLOW_CTX_TASK_ID='load_urls' AIRFLOW_CTX_EXECUTION_DATE='2025-03-05T15:12:17.262451+00:00' AIRFLOW_CTX_TRY_NUMBER='1' AIRFLOW_CTX_DAG_RUN_ID='manual__2025-03-05T15:12:17.262451+00:00'
[2025-03-05T15:12:18.599+0000] {taskinstance.py:430} INFO - ::endgroup::
[2025-03-05T15:12:18.613+0000] {taskinstance.py:441} INFO - ::group::Post task execution logs
[2025-03-05T15:12:18.614+0000] {taskinstance.py:2905} ERROR - Task failed with exception
Traceback (most recent call last):
  File "/home/airflow/.local/lib/python3.12/site-packages/airflow/models/taskinstance.py", line 465, in _execute_task
    result = _execute_callable(context=context, **execute_callable_kwargs)
             ^^^^^^^^^^^^^^^^^^^^^^^^^^^^^^^^^^^^^^^^^^^^^^^^^^^^^^^^^^^^^
  File "/home/airflow/.local/lib/python3.12/site-packages/airflow/models/taskinstance.py", line 432, in _execute_callable
    return execute_callable(context=context, **execute_callable_kwargs)
           ^^^^^^^^^^^^^^^^^^^^^^^^^^^^^^^^^^^^^^^^^^^^^^^^^^^^^^^^^^^^
  File "/home/airflow/.local/lib/python3.12/site-packages/airflow/models/baseoperator.py", line 401, in wrapper
    return func(self, *args, **kwargs)
           ^^^^^^^^^^^^^^^^^^^^^^^^^^^
  File "/home/airflow/.local/lib/python3.12/site-packages/airflow/operators/python.py", line 235, in execute
    return_value = self.execute_callable()
                   ^^^^^^^^^^^^^^^^^^^^^^^
  File "/home/airflow/.local/lib/python3.12/site-packages/airflow/operators/python.py", line 252, in execute_callable
    return self.python_callable(*self.op_args, **self.op_kwargs)
           ^^^^^^^^^^^^^^^^^^^^^^^^^^^^^^^^^^^^^^^^^^^^^^^^^^^^^
  File "/opt/airflow/dags/crawl_data_to_hdfs_minio.py", line 32, in load_urls
    import hdfs
ModuleNotFoundError: No module named 'hdfs'
[2025-03-05T15:12:18.626+0000] {taskinstance.py:1206} INFO - Marking task as UP_FOR_RETRY. dag_id=crawl_tamanh_split_storage, task_id=load_urls, run_id=manual__2025-03-05T15:12:17.262451+00:00, execution_date=20250305T151217, start_date=20250305T151218, end_date=20250305T151218
[2025-03-05T15:12:18.638+0000] {standard_task_runner.py:110} ERROR - Failed to execute job 187 for task load_urls (No module named 'hdfs'; 596)
[2025-03-05T15:12:18.673+0000] {local_task_job_runner.py:240} INFO - Task exited with return code 1
[2025-03-05T15:12:18.680+0000] {local_task_job_runner.py:222} INFO - ::endgroup::
