[2025-04-01T09:21:00.443+0000] {local_task_job_runner.py:120} INFO - ::group::Pre task execution logs
[2025-04-01T09:21:00.486+0000] {taskinstance.py:2076} INFO - Dependencies all met for dep_context=non-requeueable deps ti=<TaskInstance: crawl_tamanh.crawl_batch_3 manual__2025-04-01T09:15:55.261743+00:00 [queued]>
[2025-04-01T09:21:00.498+0000] {taskinstance.py:2076} INFO - Dependencies all met for dep_context=requeueable deps ti=<TaskInstance: crawl_tamanh.crawl_batch_3 manual__2025-04-01T09:15:55.261743+00:00 [queued]>
[2025-04-01T09:21:00.499+0000] {taskinstance.py:2306} INFO - Starting attempt 2 of 3
[2025-04-01T09:21:00.536+0000] {taskinstance.py:2330} INFO - Executing <Task(PythonOperator): crawl_batch_3> on 2025-04-01 09:15:55.261743+00:00
[2025-04-01T09:21:00.548+0000] {logging_mixin.py:188} WARNING - /home/***/.local/lib/python3.12/site-packages/***/task/task_runner/standard_task_runner.py:61 DeprecationWarning: This process (pid=1736) is multi-threaded, use of fork() may lead to deadlocks in the child.
[2025-04-01T09:21:00.548+0000] {standard_task_runner.py:90} INFO - Running: ['***', 'tasks', 'run', 'crawl_tamanh', 'crawl_batch_3', 'manual__2025-04-01T09:15:55.261743+00:00', '--job-id', '134', '--raw', '--subdir', 'DAGS_FOLDER/crawl_data_with_dag.py', '--cfg-path', '/tmp/tmpwt604ati']
[2025-04-01T09:21:00.550+0000] {standard_task_runner.py:63} INFO - Started process 1760 to run task
[2025-04-01T09:21:00.551+0000] {standard_task_runner.py:91} INFO - Job 134: Subtask crawl_batch_3
[2025-04-01T09:21:00.619+0000] {task_command.py:426} INFO - Running <TaskInstance: crawl_tamanh.crawl_batch_3 manual__2025-04-01T09:15:55.261743+00:00 [running]> on host a2df5b4b52f3
[2025-04-01T09:21:00.748+0000] {taskinstance.py:2648} INFO - Exporting env vars: AIRFLOW_CTX_DAG_OWNER='***' AIRFLOW_CTX_DAG_ID='crawl_tamanh' AIRFLOW_CTX_TASK_ID='crawl_batch_3' AIRFLOW_CTX_EXECUTION_DATE='2025-04-01T09:15:55.261743+00:00' AIRFLOW_CTX_TRY_NUMBER='2' AIRFLOW_CTX_DAG_RUN_ID='manual__2025-04-01T09:15:55.261743+00:00'
[2025-04-01T09:21:00.750+0000] {taskinstance.py:430} INFO - ::endgroup::
[2025-04-01T09:21:00.784+0000] {taskinstance.py:441} INFO - ::group::Post task execution logs
[2025-04-01T09:21:00.788+0000] {taskinstance.py:2905} ERROR - Task failed with exception
Traceback (most recent call last):
  File "/home/airflow/.local/lib/python3.12/site-packages/airflow/models/taskinstance.py", line 465, in _execute_task
    result = _execute_callable(context=context, **execute_callable_kwargs)
             ^^^^^^^^^^^^^^^^^^^^^^^^^^^^^^^^^^^^^^^^^^^^^^^^^^^^^^^^^^^^^
  File "/home/airflow/.local/lib/python3.12/site-packages/airflow/models/taskinstance.py", line 432, in _execute_callable
    return execute_callable(context=context, **execute_callable_kwargs)
           ^^^^^^^^^^^^^^^^^^^^^^^^^^^^^^^^^^^^^^^^^^^^^^^^^^^^^^^^^^^^
  File "/home/airflow/.local/lib/python3.12/site-packages/airflow/models/baseoperator.py", line 401, in wrapper
    return func(self, *args, **kwargs)
           ^^^^^^^^^^^^^^^^^^^^^^^^^^^
  File "/home/airflow/.local/lib/python3.12/site-packages/airflow/operators/python.py", line 235, in execute
    return_value = self.execute_callable()
                   ^^^^^^^^^^^^^^^^^^^^^^^
  File "/home/airflow/.local/lib/python3.12/site-packages/airflow/operators/python.py", line 252, in execute_callable
    return self.python_callable(*self.op_args, **self.op_kwargs)
           ^^^^^^^^^^^^^^^^^^^^^^^^^^^^^^^^^^^^^^^^^^^^^^^^^^^^^
  File "/opt/airflow/dags/crawl_data_with_dag.py", line 90, in process_batch
    batch_urls = batches[batch_index]
                 ~~~~~~~^^^^^^^^^^^^^
IndexError: list index out of range
[2025-04-01T09:21:00.812+0000] {taskinstance.py:1206} INFO - Marking task as UP_FOR_RETRY. dag_id=crawl_tamanh, task_id=crawl_batch_3, run_id=manual__2025-04-01T09:15:55.261743+00:00, execution_date=20250401T091555, start_date=20250401T092100, end_date=20250401T092100
[2025-04-01T09:21:00.825+0000] {standard_task_runner.py:110} ERROR - Failed to execute job 134 for task crawl_batch_3 (list index out of range; 1760)
[2025-04-01T09:21:00.850+0000] {local_task_job_runner.py:240} INFO - Task exited with return code 1
[2025-04-01T09:21:00.870+0000] {taskinstance.py:3503} INFO - 0 downstream tasks scheduled from follow-on schedule check
[2025-04-01T09:21:00.872+0000] {local_task_job_runner.py:222} INFO - ::endgroup::
