[2025-03-05T15:15:09.174+0000] {local_task_job_runner.py:120} INFO - ::group::Pre task execution logs
[2025-03-05T15:15:09.200+0000] {taskinstance.py:2076} INFO - Dependencies all met for dep_context=non-requeueable deps ti=<TaskInstance: crawl_tamanh_split_storage.crawl_hdfs_urls manual__2025-03-05T15:05:04.909474+00:00 [queued]>
[2025-03-05T15:15:09.207+0000] {taskinstance.py:2076} INFO - Dependencies all met for dep_context=requeueable deps ti=<TaskInstance: crawl_tamanh_split_storage.crawl_hdfs_urls manual__2025-03-05T15:05:04.909474+00:00 [queued]>
[2025-03-05T15:15:09.208+0000] {taskinstance.py:2306} INFO - Starting attempt 3 of 3
[2025-03-05T15:15:09.221+0000] {taskinstance.py:2330} INFO - Executing <Task(PythonOperator): crawl_hdfs_urls> on 2025-03-05 15:05:04.909474+00:00
[2025-03-05T15:15:09.229+0000] {standard_task_runner.py:90} INFO - Running: ['***', 'tasks', 'run', 'crawl_tamanh_split_storage', 'crawl_hdfs_urls', 'manual__2025-03-05T15:05:04.909474+00:00', '--job-id', '201', '--raw', '--subdir', 'DAGS_FOLDER/crawl_data_to_hdfs_minio.py', '--cfg-path', '/tmp/tmpcqqqdrju']
[2025-03-05T15:15:09.232+0000] {standard_task_runner.py:91} INFO - Job 201: Subtask crawl_hdfs_urls
[2025-03-05T15:15:09.232+0000] {logging_mixin.py:188} WARNING - /home/***/.local/lib/python3.12/site-packages/***/task/task_runner/standard_task_runner.py:61 DeprecationWarning: This process (pid=212) is multi-threaded, use of fork() may lead to deadlocks in the child.
[2025-03-05T15:15:09.233+0000] {standard_task_runner.py:63} INFO - Started process 216 to run task
[2025-03-05T15:15:09.280+0000] {task_command.py:426} INFO - Running <TaskInstance: crawl_tamanh_split_storage.crawl_hdfs_urls manual__2025-03-05T15:05:04.909474+00:00 [running]> on host 38e71b002841
[2025-03-05T15:15:09.359+0000] {taskinstance.py:2648} INFO - Exporting env vars: AIRFLOW_CTX_DAG_OWNER='***' AIRFLOW_CTX_DAG_ID='crawl_tamanh_split_storage' AIRFLOW_CTX_TASK_ID='crawl_hdfs_urls' AIRFLOW_CTX_EXECUTION_DATE='2025-03-05T15:05:04.909474+00:00' AIRFLOW_CTX_TRY_NUMBER='3' AIRFLOW_CTX_DAG_RUN_ID='manual__2025-03-05T15:05:04.909474+00:00'
[2025-03-05T15:15:09.361+0000] {taskinstance.py:430} INFO - ::endgroup::
[2025-03-05T15:15:09.381+0000] {taskinstance.py:441} INFO - ::group::Post task execution logs
[2025-03-05T15:15:09.382+0000] {taskinstance.py:2905} ERROR - Task failed with exception
Traceback (most recent call last):
  File "/home/airflow/.local/lib/python3.12/site-packages/airflow/models/taskinstance.py", line 465, in _execute_task
    result = _execute_callable(context=context, **execute_callable_kwargs)
             ^^^^^^^^^^^^^^^^^^^^^^^^^^^^^^^^^^^^^^^^^^^^^^^^^^^^^^^^^^^^^
  File "/home/airflow/.local/lib/python3.12/site-packages/airflow/models/taskinstance.py", line 432, in _execute_callable
    return execute_callable(context=context, **execute_callable_kwargs)
           ^^^^^^^^^^^^^^^^^^^^^^^^^^^^^^^^^^^^^^^^^^^^^^^^^^^^^^^^^^^^
  File "/home/airflow/.local/lib/python3.12/site-packages/airflow/models/baseoperator.py", line 401, in wrapper
    return func(self, *args, **kwargs)
           ^^^^^^^^^^^^^^^^^^^^^^^^^^^
  File "/home/airflow/.local/lib/python3.12/site-packages/airflow/operators/python.py", line 235, in execute
    return_value = self.execute_callable()
                   ^^^^^^^^^^^^^^^^^^^^^^^
  File "/home/airflow/.local/lib/python3.12/site-packages/airflow/operators/python.py", line 252, in execute_callable
    return self.python_callable(*self.op_args, **self.op_kwargs)
           ^^^^^^^^^^^^^^^^^^^^^^^^^^^^^^^^^^^^^^^^^^^^^^^^^^^^^
  File "/opt/airflow/dags/crawl_data_to_hdfs_minio.py", line 76, in crawl_hdfs
    for url_data in hdfs_urls:
TypeError: 'NoneType' object is not iterable
[2025-03-05T15:15:09.393+0000] {taskinstance.py:1206} INFO - Marking task as FAILED. dag_id=crawl_tamanh_split_storage, task_id=crawl_hdfs_urls, run_id=manual__2025-03-05T15:05:04.909474+00:00, execution_date=20250305T150504, start_date=20250305T151509, end_date=20250305T151509
[2025-03-05T15:15:09.408+0000] {standard_task_runner.py:110} ERROR - Failed to execute job 201 for task crawl_hdfs_urls ('NoneType' object is not iterable; 216)
[2025-03-05T15:15:09.448+0000] {local_task_job_runner.py:240} INFO - Task exited with return code 1
[2025-03-05T15:15:09.468+0000] {taskinstance.py:3503} INFO - 0 downstream tasks scheduled from follow-on schedule check
[2025-03-05T15:15:09.472+0000] {local_task_job_runner.py:222} INFO - ::endgroup::
