[2025-04-01T10:25:11.434+0000] {local_task_job_runner.py:120} INFO - ::group::Pre task execution logs
[2025-04-01T10:25:11.476+0000] {taskinstance.py:2076} INFO - Dependencies all met for dep_context=non-requeueable deps ti=<TaskInstance: crawl_tamanh.crawl_batch_398 manual__2025-04-01T10:20:49.795229+00:00 [queued]>
[2025-04-01T10:25:11.504+0000] {taskinstance.py:2076} INFO - Dependencies all met for dep_context=requeueable deps ti=<TaskInstance: crawl_tamanh.crawl_batch_398 manual__2025-04-01T10:20:49.795229+00:00 [queued]>
[2025-04-01T10:25:11.505+0000] {taskinstance.py:2306} INFO - Starting attempt 1 of 3
[2025-04-01T10:25:11.520+0000] {taskinstance.py:2330} INFO - Executing <Task(PythonOperator): crawl_batch_398> on 2025-04-01 10:20:49.795229+00:00
[2025-04-01T10:25:11.534+0000] {logging_mixin.py:188} WARNING - /home/***/.local/lib/python3.12/site-packages/***/task/task_runner/standard_task_runner.py:61 DeprecationWarning: This process (pid=6319) is multi-threaded, use of fork() may lead to deadlocks in the child.
[2025-04-01T10:25:11.535+0000] {standard_task_runner.py:63} INFO - Started process 6327 to run task
[2025-04-01T10:25:11.536+0000] {standard_task_runner.py:90} INFO - Running: ['***', 'tasks', 'run', 'crawl_tamanh', 'crawl_batch_398', 'manual__2025-04-01T10:20:49.795229+00:00', '--job-id', '1887', '--raw', '--subdir', 'DAGS_FOLDER/crawl_data_with_dag.py', '--cfg-path', '/tmp/tmpsli0kysh']
[2025-04-01T10:25:11.538+0000] {standard_task_runner.py:91} INFO - Job 1887: Subtask crawl_batch_398
[2025-04-01T10:25:11.580+0000] {task_command.py:426} INFO - Running <TaskInstance: crawl_tamanh.crawl_batch_398 manual__2025-04-01T10:20:49.795229+00:00 [running]> on host a2df5b4b52f3
[2025-04-01T10:25:11.672+0000] {taskinstance.py:2648} INFO - Exporting env vars: AIRFLOW_CTX_DAG_OWNER='***' AIRFLOW_CTX_DAG_ID='crawl_tamanh' AIRFLOW_CTX_TASK_ID='crawl_batch_398' AIRFLOW_CTX_EXECUTION_DATE='2025-04-01T10:20:49.795229+00:00' AIRFLOW_CTX_TRY_NUMBER='1' AIRFLOW_CTX_DAG_RUN_ID='manual__2025-04-01T10:20:49.795229+00:00'
[2025-04-01T10:25:11.673+0000] {taskinstance.py:430} INFO - ::endgroup::
[2025-04-01T10:25:19.955+0000] {taskinstance.py:441} INFO - ::group::Post task execution logs
[2025-04-01T10:25:19.956+0000] {taskinstance.py:2905} ERROR - Task failed with exception
Traceback (most recent call last):
  File "/home/airflow/.local/lib/python3.12/site-packages/airflow/models/taskinstance.py", line 465, in _execute_task
    result = _execute_callable(context=context, **execute_callable_kwargs)
             ^^^^^^^^^^^^^^^^^^^^^^^^^^^^^^^^^^^^^^^^^^^^^^^^^^^^^^^^^^^^^
  File "/home/airflow/.local/lib/python3.12/site-packages/airflow/models/taskinstance.py", line 432, in _execute_callable
    return execute_callable(context=context, **execute_callable_kwargs)
           ^^^^^^^^^^^^^^^^^^^^^^^^^^^^^^^^^^^^^^^^^^^^^^^^^^^^^^^^^^^^
  File "/home/airflow/.local/lib/python3.12/site-packages/airflow/models/baseoperator.py", line 401, in wrapper
    return func(self, *args, **kwargs)
           ^^^^^^^^^^^^^^^^^^^^^^^^^^^
  File "/home/airflow/.local/lib/python3.12/site-packages/airflow/operators/python.py", line 235, in execute
    return_value = self.execute_callable()
                   ^^^^^^^^^^^^^^^^^^^^^^^
  File "/home/airflow/.local/lib/python3.12/site-packages/airflow/operators/python.py", line 252, in execute_callable
    return self.python_callable(*self.op_args, **self.op_kwargs)
           ^^^^^^^^^^^^^^^^^^^^^^^^^^^^^^^^^^^^^^^^^^^^^^^^^^^^^
  File "/opt/airflow/dags/crawl_data_with_dag.py", line 101, in process_batch
    writer.writerows(results)
  File "/usr/local/lib/python3.12/csv.py", line 167, in writerows
    return self.writer.writerows(map(self._dict_to_list, rowdicts))
           ^^^^^^^^^^^^^^^^^^^^^^^^^^^^^^^^^^^^^^^^^^^^^^^^^^^^^^^^
  File "/usr/local/lib/python3.12/csv.py", line 157, in _dict_to_list
    wrong_fields = rowdict.keys() - self.fieldnames
                   ^^^^^^^^^^^^
AttributeError: 'str' object has no attribute 'keys'
[2025-04-01T10:25:19.969+0000] {taskinstance.py:1206} INFO - Marking task as UP_FOR_RETRY. dag_id=crawl_tamanh, task_id=crawl_batch_398, run_id=manual__2025-04-01T10:20:49.795229+00:00, execution_date=20250401T102049, start_date=20250401T102511, end_date=20250401T102519
[2025-04-01T10:25:19.982+0000] {standard_task_runner.py:110} ERROR - Failed to execute job 1887 for task crawl_batch_398 ('str' object has no attribute 'keys'; 6327)
[2025-04-01T10:25:20.014+0000] {local_task_job_runner.py:240} INFO - Task exited with return code 1
[2025-04-01T10:25:20.022+0000] {local_task_job_runner.py:222} INFO - ::endgroup::
