[2025-03-01T05:58:28.968+0000] {processor.py:161} INFO - Started process (PID=185) to work on /opt/airflow/dags/first_dag.py
[2025-03-01T05:58:28.970+0000] {processor.py:830} INFO - Processing file /opt/airflow/dags/first_dag.py for tasks to queue
[2025-03-01T05:58:28.972+0000] {logging_mixin.py:188} INFO - [2025-03-01T05:58:28.972+0000] {dagbag.py:545} INFO - Filling up the DagBag from /opt/airflow/dags/first_dag.py
[2025-03-01T05:58:28.996+0000] {logging_mixin.py:188} INFO - [2025-03-01T05:58:28.992+0000] {dagbag.py:355} ERROR - Failed to import: /opt/airflow/dags/first_dag.py
Traceback (most recent call last):
  File "/home/airflow/.local/lib/python3.12/site-packages/airflow/models/dagbag.py", line 351, in parse
    loader.exec_module(new_module)
  File "<frozen importlib._bootstrap_external>", line 995, in exec_module
  File "<frozen importlib._bootstrap>", line 488, in _call_with_frames_removed
  File "/opt/airflow/dags/first_dag.py", line 2, in <module>
    from airflow.providers.apache.hdfs.sensors.hdfs import HdfsSensor
ModuleNotFoundError: No module named 'airflow.providers.apache'
[2025-03-01T05:58:28.998+0000] {processor.py:842} WARNING - No viable dags retrieved from /opt/airflow/dags/first_dag.py
[2025-03-01T05:58:29.027+0000] {processor.py:183} INFO - Processing /opt/airflow/dags/first_dag.py took 0.066 seconds
[2025-03-01T05:58:59.215+0000] {processor.py:161} INFO - Started process (PID=202) to work on /opt/airflow/dags/first_dag.py
[2025-03-01T05:58:59.216+0000] {processor.py:830} INFO - Processing file /opt/airflow/dags/first_dag.py for tasks to queue
[2025-03-01T05:58:59.217+0000] {logging_mixin.py:188} INFO - [2025-03-01T05:58:59.217+0000] {dagbag.py:545} INFO - Filling up the DagBag from /opt/airflow/dags/first_dag.py
[2025-03-01T05:58:59.231+0000] {logging_mixin.py:188} INFO - [2025-03-01T05:58:59.228+0000] {dagbag.py:355} ERROR - Failed to import: /opt/airflow/dags/first_dag.py
Traceback (most recent call last):
  File "/home/airflow/.local/lib/python3.12/site-packages/airflow/models/dagbag.py", line 351, in parse
    loader.exec_module(new_module)
  File "<frozen importlib._bootstrap_external>", line 995, in exec_module
  File "<frozen importlib._bootstrap>", line 488, in _call_with_frames_removed
  File "/opt/airflow/dags/first_dag.py", line 2, in <module>
    from airflow.providers.apache.hdfs.sensors.hdfs import HdfsSensor
ModuleNotFoundError: No module named 'airflow.providers.apache'
[2025-03-01T05:58:59.233+0000] {processor.py:842} WARNING - No viable dags retrieved from /opt/airflow/dags/first_dag.py
[2025-03-01T05:58:59.255+0000] {processor.py:183} INFO - Processing /opt/airflow/dags/first_dag.py took 0.046 seconds
[2025-03-01T05:59:29.485+0000] {processor.py:161} INFO - Started process (PID=219) to work on /opt/airflow/dags/first_dag.py
[2025-03-01T05:59:29.486+0000] {processor.py:830} INFO - Processing file /opt/airflow/dags/first_dag.py for tasks to queue
[2025-03-01T05:59:29.487+0000] {logging_mixin.py:188} INFO - [2025-03-01T05:59:29.486+0000] {dagbag.py:545} INFO - Filling up the DagBag from /opt/airflow/dags/first_dag.py
[2025-03-01T05:59:29.500+0000] {logging_mixin.py:188} INFO - [2025-03-01T05:59:29.497+0000] {dagbag.py:355} ERROR - Failed to import: /opt/airflow/dags/first_dag.py
Traceback (most recent call last):
  File "/home/airflow/.local/lib/python3.12/site-packages/airflow/models/dagbag.py", line 351, in parse
    loader.exec_module(new_module)
  File "<frozen importlib._bootstrap_external>", line 995, in exec_module
  File "<frozen importlib._bootstrap>", line 488, in _call_with_frames_removed
  File "/opt/airflow/dags/first_dag.py", line 2, in <module>
    from airflow.providers.apache.hdfs.sensors.hdfs import HdfsSensor
ModuleNotFoundError: No module named 'airflow.providers.apache'
[2025-03-01T05:59:29.501+0000] {processor.py:842} WARNING - No viable dags retrieved from /opt/airflow/dags/first_dag.py
[2025-03-01T05:59:29.523+0000] {processor.py:183} INFO - Processing /opt/airflow/dags/first_dag.py took 0.043 seconds
[2025-03-01T05:59:59.731+0000] {processor.py:161} INFO - Started process (PID=236) to work on /opt/airflow/dags/first_dag.py
[2025-03-01T05:59:59.732+0000] {processor.py:830} INFO - Processing file /opt/airflow/dags/first_dag.py for tasks to queue
[2025-03-01T05:59:59.733+0000] {logging_mixin.py:188} INFO - [2025-03-01T05:59:59.732+0000] {dagbag.py:545} INFO - Filling up the DagBag from /opt/airflow/dags/first_dag.py
[2025-03-01T05:59:59.753+0000] {logging_mixin.py:188} INFO - [2025-03-01T05:59:59.750+0000] {dagbag.py:355} ERROR - Failed to import: /opt/airflow/dags/first_dag.py
Traceback (most recent call last):
  File "/home/airflow/.local/lib/python3.12/site-packages/airflow/models/dagbag.py", line 351, in parse
    loader.exec_module(new_module)
  File "<frozen importlib._bootstrap_external>", line 995, in exec_module
  File "<frozen importlib._bootstrap>", line 488, in _call_with_frames_removed
  File "/opt/airflow/dags/first_dag.py", line 2, in <module>
    from airflow.providers.apache.hdfs.sensors.hdfs import HdfsSensor
ModuleNotFoundError: No module named 'airflow.providers.apache'
[2025-03-01T05:59:59.754+0000] {processor.py:842} WARNING - No viable dags retrieved from /opt/airflow/dags/first_dag.py
[2025-03-01T05:59:59.774+0000] {processor.py:183} INFO - Processing /opt/airflow/dags/first_dag.py took 0.047 seconds
[2025-03-01T06:00:29.972+0000] {processor.py:161} INFO - Started process (PID=253) to work on /opt/airflow/dags/first_dag.py
[2025-03-01T06:00:29.972+0000] {processor.py:830} INFO - Processing file /opt/airflow/dags/first_dag.py for tasks to queue
[2025-03-01T06:00:29.974+0000] {logging_mixin.py:188} INFO - [2025-03-01T06:00:29.973+0000] {dagbag.py:545} INFO - Filling up the DagBag from /opt/airflow/dags/first_dag.py
[2025-03-01T06:00:29.989+0000] {logging_mixin.py:188} INFO - [2025-03-01T06:00:29.985+0000] {dagbag.py:355} ERROR - Failed to import: /opt/airflow/dags/first_dag.py
Traceback (most recent call last):
  File "/home/airflow/.local/lib/python3.12/site-packages/airflow/models/dagbag.py", line 351, in parse
    loader.exec_module(new_module)
  File "<frozen importlib._bootstrap_external>", line 995, in exec_module
  File "<frozen importlib._bootstrap>", line 488, in _call_with_frames_removed
  File "/opt/airflow/dags/first_dag.py", line 2, in <module>
    from airflow.providers.apache.hdfs.sensors.hdfs import HdfsSensor
ModuleNotFoundError: No module named 'airflow.providers.apache'
[2025-03-01T06:00:29.991+0000] {processor.py:842} WARNING - No viable dags retrieved from /opt/airflow/dags/first_dag.py
[2025-03-01T06:00:30.011+0000] {processor.py:183} INFO - Processing /opt/airflow/dags/first_dag.py took 0.044 seconds
[2025-03-01T06:01:00.190+0000] {processor.py:161} INFO - Started process (PID=270) to work on /opt/airflow/dags/first_dag.py
[2025-03-01T06:01:00.191+0000] {processor.py:830} INFO - Processing file /opt/airflow/dags/first_dag.py for tasks to queue
[2025-03-01T06:01:00.192+0000] {logging_mixin.py:188} INFO - [2025-03-01T06:01:00.191+0000] {dagbag.py:545} INFO - Filling up the DagBag from /opt/airflow/dags/first_dag.py
[2025-03-01T06:01:00.203+0000] {logging_mixin.py:188} INFO - [2025-03-01T06:01:00.201+0000] {dagbag.py:355} ERROR - Failed to import: /opt/airflow/dags/first_dag.py
Traceback (most recent call last):
  File "/home/airflow/.local/lib/python3.12/site-packages/airflow/models/dagbag.py", line 351, in parse
    loader.exec_module(new_module)
  File "<frozen importlib._bootstrap_external>", line 995, in exec_module
  File "<frozen importlib._bootstrap>", line 488, in _call_with_frames_removed
  File "/opt/airflow/dags/first_dag.py", line 2, in <module>
    from airflow.providers.apache.hdfs.sensors.hdfs import HdfsSensor
ModuleNotFoundError: No module named 'airflow.providers.apache'
[2025-03-01T06:01:00.205+0000] {processor.py:842} WARNING - No viable dags retrieved from /opt/airflow/dags/first_dag.py
[2025-03-01T06:01:00.222+0000] {processor.py:183} INFO - Processing /opt/airflow/dags/first_dag.py took 0.036 seconds
[2025-03-01T06:01:30.436+0000] {processor.py:161} INFO - Started process (PID=288) to work on /opt/airflow/dags/first_dag.py
[2025-03-01T06:01:30.436+0000] {processor.py:830} INFO - Processing file /opt/airflow/dags/first_dag.py for tasks to queue
[2025-03-01T06:01:30.437+0000] {logging_mixin.py:188} INFO - [2025-03-01T06:01:30.437+0000] {dagbag.py:545} INFO - Filling up the DagBag from /opt/airflow/dags/first_dag.py
[2025-03-01T06:01:30.449+0000] {logging_mixin.py:188} INFO - [2025-03-01T06:01:30.447+0000] {dagbag.py:355} ERROR - Failed to import: /opt/airflow/dags/first_dag.py
Traceback (most recent call last):
  File "/home/airflow/.local/lib/python3.12/site-packages/airflow/models/dagbag.py", line 351, in parse
    loader.exec_module(new_module)
  File "<frozen importlib._bootstrap_external>", line 995, in exec_module
  File "<frozen importlib._bootstrap>", line 488, in _call_with_frames_removed
  File "/opt/airflow/dags/first_dag.py", line 2, in <module>
    from airflow.providers.apache.hdfs.sensors.hdfs import HdfsSensor
ModuleNotFoundError: No module named 'airflow.providers.apache'
[2025-03-01T06:01:30.450+0000] {processor.py:842} WARNING - No viable dags retrieved from /opt/airflow/dags/first_dag.py
[2025-03-01T06:01:30.472+0000] {processor.py:183} INFO - Processing /opt/airflow/dags/first_dag.py took 0.040 seconds
[2025-03-01T06:02:00.679+0000] {processor.py:161} INFO - Started process (PID=305) to work on /opt/airflow/dags/first_dag.py
[2025-03-01T06:02:00.680+0000] {processor.py:830} INFO - Processing file /opt/airflow/dags/first_dag.py for tasks to queue
[2025-03-01T06:02:00.681+0000] {logging_mixin.py:188} INFO - [2025-03-01T06:02:00.681+0000] {dagbag.py:545} INFO - Filling up the DagBag from /opt/airflow/dags/first_dag.py
[2025-03-01T06:02:00.698+0000] {logging_mixin.py:188} INFO - [2025-03-01T06:02:00.694+0000] {dagbag.py:355} ERROR - Failed to import: /opt/airflow/dags/first_dag.py
Traceback (most recent call last):
  File "/home/airflow/.local/lib/python3.12/site-packages/airflow/models/dagbag.py", line 351, in parse
    loader.exec_module(new_module)
  File "<frozen importlib._bootstrap_external>", line 995, in exec_module
  File "<frozen importlib._bootstrap>", line 488, in _call_with_frames_removed
  File "/opt/airflow/dags/first_dag.py", line 2, in <module>
    from airflow.providers.apache.hdfs.sensors.hdfs import HdfsSensor
ModuleNotFoundError: No module named 'airflow.providers.apache'
[2025-03-01T06:02:00.699+0000] {processor.py:842} WARNING - No viable dags retrieved from /opt/airflow/dags/first_dag.py
[2025-03-01T06:02:00.727+0000] {processor.py:183} INFO - Processing /opt/airflow/dags/first_dag.py took 0.053 seconds
[2025-03-01T06:02:30.910+0000] {processor.py:161} INFO - Started process (PID=322) to work on /opt/airflow/dags/first_dag.py
[2025-03-01T06:02:30.911+0000] {processor.py:830} INFO - Processing file /opt/airflow/dags/first_dag.py for tasks to queue
[2025-03-01T06:02:30.912+0000] {logging_mixin.py:188} INFO - [2025-03-01T06:02:30.911+0000] {dagbag.py:545} INFO - Filling up the DagBag from /opt/airflow/dags/first_dag.py
[2025-03-01T06:02:30.925+0000] {logging_mixin.py:188} INFO - [2025-03-01T06:02:30.922+0000] {dagbag.py:355} ERROR - Failed to import: /opt/airflow/dags/first_dag.py
Traceback (most recent call last):
  File "/home/airflow/.local/lib/python3.12/site-packages/airflow/models/dagbag.py", line 351, in parse
    loader.exec_module(new_module)
  File "<frozen importlib._bootstrap_external>", line 995, in exec_module
  File "<frozen importlib._bootstrap>", line 488, in _call_with_frames_removed
  File "/opt/airflow/dags/first_dag.py", line 2, in <module>
    from airflow.providers.apache.hdfs.sensors.hdfs import HdfsSensor
ModuleNotFoundError: No module named 'airflow.providers.apache'
[2025-03-01T06:02:30.926+0000] {processor.py:842} WARNING - No viable dags retrieved from /opt/airflow/dags/first_dag.py
[2025-03-01T06:02:30.948+0000] {processor.py:183} INFO - Processing /opt/airflow/dags/first_dag.py took 0.043 seconds
[2025-03-01T06:03:01.181+0000] {processor.py:161} INFO - Started process (PID=339) to work on /opt/airflow/dags/first_dag.py
[2025-03-01T06:03:01.182+0000] {processor.py:830} INFO - Processing file /opt/airflow/dags/first_dag.py for tasks to queue
[2025-03-01T06:03:01.184+0000] {logging_mixin.py:188} INFO - [2025-03-01T06:03:01.183+0000] {dagbag.py:545} INFO - Filling up the DagBag from /opt/airflow/dags/first_dag.py
[2025-03-01T06:03:01.208+0000] {logging_mixin.py:188} INFO - [2025-03-01T06:03:01.204+0000] {dagbag.py:355} ERROR - Failed to import: /opt/airflow/dags/first_dag.py
Traceback (most recent call last):
  File "/home/airflow/.local/lib/python3.12/site-packages/airflow/models/dagbag.py", line 351, in parse
    loader.exec_module(new_module)
  File "<frozen importlib._bootstrap_external>", line 995, in exec_module
  File "<frozen importlib._bootstrap>", line 488, in _call_with_frames_removed
  File "/opt/airflow/dags/first_dag.py", line 2, in <module>
    from airflow.providers.apache.hdfs.sensors.hdfs import HdfsSensor
ModuleNotFoundError: No module named 'airflow.providers.apache'
[2025-03-01T06:03:01.209+0000] {processor.py:842} WARNING - No viable dags retrieved from /opt/airflow/dags/first_dag.py
[2025-03-01T06:03:01.233+0000] {processor.py:183} INFO - Processing /opt/airflow/dags/first_dag.py took 0.057 seconds
[2025-03-01T06:03:31.484+0000] {processor.py:161} INFO - Started process (PID=356) to work on /opt/airflow/dags/first_dag.py
[2025-03-01T06:03:31.485+0000] {processor.py:830} INFO - Processing file /opt/airflow/dags/first_dag.py for tasks to queue
[2025-03-01T06:03:31.486+0000] {logging_mixin.py:188} INFO - [2025-03-01T06:03:31.485+0000] {dagbag.py:545} INFO - Filling up the DagBag from /opt/airflow/dags/first_dag.py
[2025-03-01T06:03:31.499+0000] {logging_mixin.py:188} INFO - [2025-03-01T06:03:31.496+0000] {dagbag.py:355} ERROR - Failed to import: /opt/airflow/dags/first_dag.py
Traceback (most recent call last):
  File "/home/airflow/.local/lib/python3.12/site-packages/airflow/models/dagbag.py", line 351, in parse
    loader.exec_module(new_module)
  File "<frozen importlib._bootstrap_external>", line 995, in exec_module
  File "<frozen importlib._bootstrap>", line 488, in _call_with_frames_removed
  File "/opt/airflow/dags/first_dag.py", line 2, in <module>
    from airflow.providers.apache.hdfs.sensors.hdfs import HdfsSensor
ModuleNotFoundError: No module named 'airflow.providers.apache'
[2025-03-01T06:03:31.500+0000] {processor.py:842} WARNING - No viable dags retrieved from /opt/airflow/dags/first_dag.py
[2025-03-01T06:03:31.521+0000] {processor.py:183} INFO - Processing /opt/airflow/dags/first_dag.py took 0.041 seconds
[2025-03-01T06:04:01.716+0000] {processor.py:161} INFO - Started process (PID=373) to work on /opt/airflow/dags/first_dag.py
[2025-03-01T06:04:01.716+0000] {processor.py:830} INFO - Processing file /opt/airflow/dags/first_dag.py for tasks to queue
[2025-03-01T06:04:01.717+0000] {logging_mixin.py:188} INFO - [2025-03-01T06:04:01.717+0000] {dagbag.py:545} INFO - Filling up the DagBag from /opt/airflow/dags/first_dag.py
[2025-03-01T06:04:01.730+0000] {logging_mixin.py:188} INFO - [2025-03-01T06:04:01.727+0000] {dagbag.py:355} ERROR - Failed to import: /opt/airflow/dags/first_dag.py
Traceback (most recent call last):
  File "/home/airflow/.local/lib/python3.12/site-packages/airflow/models/dagbag.py", line 351, in parse
    loader.exec_module(new_module)
  File "<frozen importlib._bootstrap_external>", line 995, in exec_module
  File "<frozen importlib._bootstrap>", line 488, in _call_with_frames_removed
  File "/opt/airflow/dags/first_dag.py", line 2, in <module>
    from airflow.providers.apache.hdfs.sensors.hdfs import HdfsSensor
ModuleNotFoundError: No module named 'airflow.providers.apache'
[2025-03-01T06:04:01.731+0000] {processor.py:842} WARNING - No viable dags retrieved from /opt/airflow/dags/first_dag.py
[2025-03-01T06:04:01.753+0000] {processor.py:183} INFO - Processing /opt/airflow/dags/first_dag.py took 0.042 seconds
[2025-03-01T06:04:31.947+0000] {processor.py:161} INFO - Started process (PID=390) to work on /opt/airflow/dags/first_dag.py
[2025-03-01T06:04:31.948+0000] {processor.py:830} INFO - Processing file /opt/airflow/dags/first_dag.py for tasks to queue
[2025-03-01T06:04:31.948+0000] {logging_mixin.py:188} INFO - [2025-03-01T06:04:31.948+0000] {dagbag.py:545} INFO - Filling up the DagBag from /opt/airflow/dags/first_dag.py
[2025-03-01T06:04:31.960+0000] {logging_mixin.py:188} INFO - [2025-03-01T06:04:31.957+0000] {dagbag.py:355} ERROR - Failed to import: /opt/airflow/dags/first_dag.py
Traceback (most recent call last):
  File "/home/airflow/.local/lib/python3.12/site-packages/airflow/models/dagbag.py", line 351, in parse
    loader.exec_module(new_module)
  File "<frozen importlib._bootstrap_external>", line 995, in exec_module
  File "<frozen importlib._bootstrap>", line 488, in _call_with_frames_removed
  File "/opt/airflow/dags/first_dag.py", line 2, in <module>
    from airflow.providers.apache.hdfs.sensors.hdfs import HdfsSensor
ModuleNotFoundError: No module named 'airflow.providers.apache'
[2025-03-01T06:04:31.961+0000] {processor.py:842} WARNING - No viable dags retrieved from /opt/airflow/dags/first_dag.py
[2025-03-01T06:04:31.981+0000] {processor.py:183} INFO - Processing /opt/airflow/dags/first_dag.py took 0.038 seconds
[2025-03-01T06:05:02.159+0000] {processor.py:161} INFO - Started process (PID=407) to work on /opt/airflow/dags/first_dag.py
[2025-03-01T06:05:02.160+0000] {processor.py:830} INFO - Processing file /opt/airflow/dags/first_dag.py for tasks to queue
[2025-03-01T06:05:02.161+0000] {logging_mixin.py:188} INFO - [2025-03-01T06:05:02.160+0000] {dagbag.py:545} INFO - Filling up the DagBag from /opt/airflow/dags/first_dag.py
[2025-03-01T06:05:02.173+0000] {logging_mixin.py:188} INFO - [2025-03-01T06:05:02.170+0000] {dagbag.py:355} ERROR - Failed to import: /opt/airflow/dags/first_dag.py
Traceback (most recent call last):
  File "/home/airflow/.local/lib/python3.12/site-packages/airflow/models/dagbag.py", line 351, in parse
    loader.exec_module(new_module)
  File "<frozen importlib._bootstrap_external>", line 995, in exec_module
  File "<frozen importlib._bootstrap>", line 488, in _call_with_frames_removed
  File "/opt/airflow/dags/first_dag.py", line 2, in <module>
    from airflow.providers.apache.hdfs.sensors.hdfs import HdfsSensor
ModuleNotFoundError: No module named 'airflow.providers.apache'
[2025-03-01T06:05:02.174+0000] {processor.py:842} WARNING - No viable dags retrieved from /opt/airflow/dags/first_dag.py
[2025-03-01T06:05:02.192+0000] {processor.py:183} INFO - Processing /opt/airflow/dags/first_dag.py took 0.036 seconds
[2025-03-01T06:05:32.375+0000] {processor.py:161} INFO - Started process (PID=424) to work on /opt/airflow/dags/first_dag.py
[2025-03-01T06:05:32.375+0000] {processor.py:830} INFO - Processing file /opt/airflow/dags/first_dag.py for tasks to queue
[2025-03-01T06:05:32.376+0000] {logging_mixin.py:188} INFO - [2025-03-01T06:05:32.376+0000] {dagbag.py:545} INFO - Filling up the DagBag from /opt/airflow/dags/first_dag.py
[2025-03-01T06:05:32.390+0000] {logging_mixin.py:188} INFO - [2025-03-01T06:05:32.386+0000] {dagbag.py:355} ERROR - Failed to import: /opt/airflow/dags/first_dag.py
Traceback (most recent call last):
  File "/home/airflow/.local/lib/python3.12/site-packages/airflow/models/dagbag.py", line 351, in parse
    loader.exec_module(new_module)
  File "<frozen importlib._bootstrap_external>", line 995, in exec_module
  File "<frozen importlib._bootstrap>", line 488, in _call_with_frames_removed
  File "/opt/airflow/dags/first_dag.py", line 2, in <module>
    from airflow.providers.apache.hdfs.sensors.hdfs import HdfsSensor
ModuleNotFoundError: No module named 'airflow.providers.apache'
[2025-03-01T06:05:32.391+0000] {processor.py:842} WARNING - No viable dags retrieved from /opt/airflow/dags/first_dag.py
[2025-03-01T06:05:32.412+0000] {processor.py:183} INFO - Processing /opt/airflow/dags/first_dag.py took 0.042 seconds
[2025-03-01T06:06:02.592+0000] {processor.py:161} INFO - Started process (PID=441) to work on /opt/airflow/dags/first_dag.py
[2025-03-01T06:06:02.593+0000] {processor.py:830} INFO - Processing file /opt/airflow/dags/first_dag.py for tasks to queue
[2025-03-01T06:06:02.594+0000] {logging_mixin.py:188} INFO - [2025-03-01T06:06:02.594+0000] {dagbag.py:545} INFO - Filling up the DagBag from /opt/airflow/dags/first_dag.py
[2025-03-01T06:06:02.606+0000] {logging_mixin.py:188} INFO - [2025-03-01T06:06:02.603+0000] {dagbag.py:355} ERROR - Failed to import: /opt/airflow/dags/first_dag.py
Traceback (most recent call last):
  File "/home/airflow/.local/lib/python3.12/site-packages/airflow/models/dagbag.py", line 351, in parse
    loader.exec_module(new_module)
  File "<frozen importlib._bootstrap_external>", line 995, in exec_module
  File "<frozen importlib._bootstrap>", line 488, in _call_with_frames_removed
  File "/opt/airflow/dags/first_dag.py", line 2, in <module>
    from airflow.providers.apache.hdfs.sensors.hdfs import HdfsSensor
ModuleNotFoundError: No module named 'airflow.providers.apache'
[2025-03-01T06:06:02.607+0000] {processor.py:842} WARNING - No viable dags retrieved from /opt/airflow/dags/first_dag.py
[2025-03-01T06:06:02.623+0000] {processor.py:183} INFO - Processing /opt/airflow/dags/first_dag.py took 0.034 seconds
[2025-03-01T06:06:32.809+0000] {processor.py:161} INFO - Started process (PID=458) to work on /opt/airflow/dags/first_dag.py
[2025-03-01T06:06:32.810+0000] {processor.py:830} INFO - Processing file /opt/airflow/dags/first_dag.py for tasks to queue
[2025-03-01T06:06:32.810+0000] {logging_mixin.py:188} INFO - [2025-03-01T06:06:32.810+0000] {dagbag.py:545} INFO - Filling up the DagBag from /opt/airflow/dags/first_dag.py
[2025-03-01T06:06:32.823+0000] {logging_mixin.py:188} INFO - [2025-03-01T06:06:32.820+0000] {dagbag.py:355} ERROR - Failed to import: /opt/airflow/dags/first_dag.py
Traceback (most recent call last):
  File "/home/airflow/.local/lib/python3.12/site-packages/airflow/models/dagbag.py", line 351, in parse
    loader.exec_module(new_module)
  File "<frozen importlib._bootstrap_external>", line 995, in exec_module
  File "<frozen importlib._bootstrap>", line 488, in _call_with_frames_removed
  File "/opt/airflow/dags/first_dag.py", line 2, in <module>
    from airflow.providers.apache.hdfs.sensors.hdfs import HdfsSensor
ModuleNotFoundError: No module named 'airflow.providers.apache'
[2025-03-01T06:06:32.824+0000] {processor.py:842} WARNING - No viable dags retrieved from /opt/airflow/dags/first_dag.py
[2025-03-01T06:06:32.845+0000] {processor.py:183} INFO - Processing /opt/airflow/dags/first_dag.py took 0.041 seconds
[2025-03-01T06:07:03.034+0000] {processor.py:161} INFO - Started process (PID=475) to work on /opt/airflow/dags/first_dag.py
[2025-03-01T06:07:03.034+0000] {processor.py:830} INFO - Processing file /opt/airflow/dags/first_dag.py for tasks to queue
[2025-03-01T06:07:03.035+0000] {logging_mixin.py:188} INFO - [2025-03-01T06:07:03.035+0000] {dagbag.py:545} INFO - Filling up the DagBag from /opt/airflow/dags/first_dag.py
[2025-03-01T06:07:03.049+0000] {logging_mixin.py:188} INFO - [2025-03-01T06:07:03.046+0000] {dagbag.py:355} ERROR - Failed to import: /opt/airflow/dags/first_dag.py
Traceback (most recent call last):
  File "/home/airflow/.local/lib/python3.12/site-packages/airflow/models/dagbag.py", line 351, in parse
    loader.exec_module(new_module)
  File "<frozen importlib._bootstrap_external>", line 995, in exec_module
  File "<frozen importlib._bootstrap>", line 488, in _call_with_frames_removed
  File "/opt/airflow/dags/first_dag.py", line 2, in <module>
    from airflow.providers.apache.hdfs.sensors.hdfs import HdfsSensor
ModuleNotFoundError: No module named 'airflow.providers.apache'
[2025-03-01T06:07:03.050+0000] {processor.py:842} WARNING - No viable dags retrieved from /opt/airflow/dags/first_dag.py
[2025-03-01T06:07:03.069+0000] {processor.py:183} INFO - Processing /opt/airflow/dags/first_dag.py took 0.041 seconds
[2025-03-01T06:07:33.252+0000] {processor.py:161} INFO - Started process (PID=492) to work on /opt/airflow/dags/first_dag.py
[2025-03-01T06:07:33.253+0000] {processor.py:830} INFO - Processing file /opt/airflow/dags/first_dag.py for tasks to queue
[2025-03-01T06:07:33.254+0000] {logging_mixin.py:188} INFO - [2025-03-01T06:07:33.254+0000] {dagbag.py:545} INFO - Filling up the DagBag from /opt/airflow/dags/first_dag.py
[2025-03-01T06:07:33.267+0000] {logging_mixin.py:188} INFO - [2025-03-01T06:07:33.264+0000] {dagbag.py:355} ERROR - Failed to import: /opt/airflow/dags/first_dag.py
Traceback (most recent call last):
  File "/home/airflow/.local/lib/python3.12/site-packages/airflow/models/dagbag.py", line 351, in parse
    loader.exec_module(new_module)
  File "<frozen importlib._bootstrap_external>", line 995, in exec_module
  File "<frozen importlib._bootstrap>", line 488, in _call_with_frames_removed
  File "/opt/airflow/dags/first_dag.py", line 2, in <module>
    from airflow.providers.apache.hdfs.sensors.hdfs import HdfsSensor
ModuleNotFoundError: No module named 'airflow.providers.apache'
[2025-03-01T06:07:33.269+0000] {processor.py:842} WARNING - No viable dags retrieved from /opt/airflow/dags/first_dag.py
[2025-03-01T06:07:33.290+0000] {processor.py:183} INFO - Processing /opt/airflow/dags/first_dag.py took 0.042 seconds
[2025-03-01T06:08:49.610+0000] {processor.py:161} INFO - Started process (PID=185) to work on /opt/airflow/dags/first_dag.py
[2025-03-01T06:08:49.611+0000] {processor.py:830} INFO - Processing file /opt/airflow/dags/first_dag.py for tasks to queue
[2025-03-01T06:08:49.612+0000] {logging_mixin.py:188} INFO - [2025-03-01T06:08:49.612+0000] {dagbag.py:545} INFO - Filling up the DagBag from /opt/airflow/dags/first_dag.py
[2025-03-01T06:08:49.626+0000] {logging_mixin.py:188} INFO - [2025-03-01T06:08:49.622+0000] {dagbag.py:355} ERROR - Failed to import: /opt/airflow/dags/first_dag.py
Traceback (most recent call last):
  File "/home/airflow/.local/lib/python3.12/site-packages/airflow/models/dagbag.py", line 351, in parse
    loader.exec_module(new_module)
  File "<frozen importlib._bootstrap_external>", line 995, in exec_module
  File "<frozen importlib._bootstrap>", line 488, in _call_with_frames_removed
  File "/opt/airflow/dags/first_dag.py", line 2, in <module>
    from airflow.providers.apache.hdfs.sensors.hdfs import HdfsSensor
ModuleNotFoundError: No module named 'airflow.providers.apache'
[2025-03-01T06:08:49.627+0000] {processor.py:842} WARNING - No viable dags retrieved from /opt/airflow/dags/first_dag.py
[2025-03-01T06:08:49.649+0000] {processor.py:183} INFO - Processing /opt/airflow/dags/first_dag.py took 0.044 seconds
[2025-03-01T06:09:19.855+0000] {processor.py:161} INFO - Started process (PID=202) to work on /opt/airflow/dags/first_dag.py
[2025-03-01T06:09:19.856+0000] {processor.py:830} INFO - Processing file /opt/airflow/dags/first_dag.py for tasks to queue
[2025-03-01T06:09:19.858+0000] {logging_mixin.py:188} INFO - [2025-03-01T06:09:19.857+0000] {dagbag.py:545} INFO - Filling up the DagBag from /opt/airflow/dags/first_dag.py
[2025-03-01T06:09:19.871+0000] {logging_mixin.py:188} INFO - [2025-03-01T06:09:19.867+0000] {dagbag.py:355} ERROR - Failed to import: /opt/airflow/dags/first_dag.py
Traceback (most recent call last):
  File "/home/airflow/.local/lib/python3.12/site-packages/airflow/models/dagbag.py", line 351, in parse
    loader.exec_module(new_module)
  File "<frozen importlib._bootstrap_external>", line 995, in exec_module
  File "<frozen importlib._bootstrap>", line 488, in _call_with_frames_removed
  File "/opt/airflow/dags/first_dag.py", line 2, in <module>
    from airflow.providers.apache.hdfs.sensors.hdfs import HdfsSensor
ModuleNotFoundError: No module named 'airflow.providers.apache'
[2025-03-01T06:09:19.872+0000] {processor.py:842} WARNING - No viable dags retrieved from /opt/airflow/dags/first_dag.py
[2025-03-01T06:09:19.891+0000] {processor.py:183} INFO - Processing /opt/airflow/dags/first_dag.py took 0.039 seconds
[2025-03-01T06:09:50.120+0000] {processor.py:161} INFO - Started process (PID=219) to work on /opt/airflow/dags/first_dag.py
[2025-03-01T06:09:50.120+0000] {processor.py:830} INFO - Processing file /opt/airflow/dags/first_dag.py for tasks to queue
[2025-03-01T06:09:50.122+0000] {logging_mixin.py:188} INFO - [2025-03-01T06:09:50.122+0000] {dagbag.py:545} INFO - Filling up the DagBag from /opt/airflow/dags/first_dag.py
[2025-03-01T06:09:50.137+0000] {logging_mixin.py:188} INFO - [2025-03-01T06:09:50.133+0000] {dagbag.py:355} ERROR - Failed to import: /opt/airflow/dags/first_dag.py
Traceback (most recent call last):
  File "/home/airflow/.local/lib/python3.12/site-packages/airflow/models/dagbag.py", line 351, in parse
    loader.exec_module(new_module)
  File "<frozen importlib._bootstrap_external>", line 995, in exec_module
  File "<frozen importlib._bootstrap>", line 488, in _call_with_frames_removed
  File "/opt/airflow/dags/first_dag.py", line 2, in <module>
    from airflow.providers.apache.hdfs.sensors.hdfs import HdfsSensor
ModuleNotFoundError: No module named 'airflow.providers.apache'
[2025-03-01T06:09:50.138+0000] {processor.py:842} WARNING - No viable dags retrieved from /opt/airflow/dags/first_dag.py
[2025-03-01T06:09:50.162+0000] {processor.py:183} INFO - Processing /opt/airflow/dags/first_dag.py took 0.046 seconds
[2025-03-01T06:10:20.379+0000] {processor.py:161} INFO - Started process (PID=236) to work on /opt/airflow/dags/first_dag.py
[2025-03-01T06:10:20.380+0000] {processor.py:830} INFO - Processing file /opt/airflow/dags/first_dag.py for tasks to queue
[2025-03-01T06:10:20.381+0000] {logging_mixin.py:188} INFO - [2025-03-01T06:10:20.381+0000] {dagbag.py:545} INFO - Filling up the DagBag from /opt/airflow/dags/first_dag.py
[2025-03-01T06:10:20.394+0000] {logging_mixin.py:188} INFO - [2025-03-01T06:10:20.391+0000] {dagbag.py:355} ERROR - Failed to import: /opt/airflow/dags/first_dag.py
Traceback (most recent call last):
  File "/home/airflow/.local/lib/python3.12/site-packages/airflow/models/dagbag.py", line 351, in parse
    loader.exec_module(new_module)
  File "<frozen importlib._bootstrap_external>", line 995, in exec_module
  File "<frozen importlib._bootstrap>", line 488, in _call_with_frames_removed
  File "/opt/airflow/dags/first_dag.py", line 2, in <module>
    from airflow.providers.apache.hdfs.sensors.hdfs import HdfsSensor
ModuleNotFoundError: No module named 'airflow.providers.apache'
[2025-03-01T06:10:20.395+0000] {processor.py:842} WARNING - No viable dags retrieved from /opt/airflow/dags/first_dag.py
[2025-03-01T06:10:20.418+0000] {processor.py:183} INFO - Processing /opt/airflow/dags/first_dag.py took 0.042 seconds
[2025-03-01T06:10:50.619+0000] {processor.py:161} INFO - Started process (PID=253) to work on /opt/airflow/dags/first_dag.py
[2025-03-01T06:10:50.620+0000] {processor.py:830} INFO - Processing file /opt/airflow/dags/first_dag.py for tasks to queue
[2025-03-01T06:10:50.622+0000] {logging_mixin.py:188} INFO - [2025-03-01T06:10:50.621+0000] {dagbag.py:545} INFO - Filling up the DagBag from /opt/airflow/dags/first_dag.py
[2025-03-01T06:10:50.636+0000] {logging_mixin.py:188} INFO - [2025-03-01T06:10:50.633+0000] {dagbag.py:355} ERROR - Failed to import: /opt/airflow/dags/first_dag.py
Traceback (most recent call last):
  File "/home/airflow/.local/lib/python3.12/site-packages/airflow/models/dagbag.py", line 351, in parse
    loader.exec_module(new_module)
  File "<frozen importlib._bootstrap_external>", line 995, in exec_module
  File "<frozen importlib._bootstrap>", line 488, in _call_with_frames_removed
  File "/opt/airflow/dags/first_dag.py", line 2, in <module>
    from airflow.providers.apache.hdfs.sensors.hdfs import HdfsSensor
ModuleNotFoundError: No module named 'airflow.providers.apache'
[2025-03-01T06:10:50.638+0000] {processor.py:842} WARNING - No viable dags retrieved from /opt/airflow/dags/first_dag.py
[2025-03-01T06:10:50.659+0000] {processor.py:183} INFO - Processing /opt/airflow/dags/first_dag.py took 0.046 seconds
[2025-03-01T06:11:20.864+0000] {processor.py:161} INFO - Started process (PID=270) to work on /opt/airflow/dags/first_dag.py
[2025-03-01T06:11:20.864+0000] {processor.py:830} INFO - Processing file /opt/airflow/dags/first_dag.py for tasks to queue
[2025-03-01T06:11:20.867+0000] {logging_mixin.py:188} INFO - [2025-03-01T06:11:20.867+0000] {dagbag.py:545} INFO - Filling up the DagBag from /opt/airflow/dags/first_dag.py
[2025-03-01T06:11:20.882+0000] {logging_mixin.py:188} INFO - [2025-03-01T06:11:20.878+0000] {dagbag.py:355} ERROR - Failed to import: /opt/airflow/dags/first_dag.py
Traceback (most recent call last):
  File "/home/airflow/.local/lib/python3.12/site-packages/airflow/models/dagbag.py", line 351, in parse
    loader.exec_module(new_module)
  File "<frozen importlib._bootstrap_external>", line 995, in exec_module
  File "<frozen importlib._bootstrap>", line 488, in _call_with_frames_removed
  File "/opt/airflow/dags/first_dag.py", line 2, in <module>
    from airflow.providers.apache.hdfs.sensors.hdfs import HdfsSensor
ModuleNotFoundError: No module named 'airflow.providers.apache'
[2025-03-01T06:11:20.883+0000] {processor.py:842} WARNING - No viable dags retrieved from /opt/airflow/dags/first_dag.py
[2025-03-01T06:11:20.908+0000] {processor.py:183} INFO - Processing /opt/airflow/dags/first_dag.py took 0.048 seconds
[2025-03-01T06:11:51.129+0000] {processor.py:161} INFO - Started process (PID=287) to work on /opt/airflow/dags/first_dag.py
[2025-03-01T06:11:51.129+0000] {processor.py:830} INFO - Processing file /opt/airflow/dags/first_dag.py for tasks to queue
[2025-03-01T06:11:51.131+0000] {logging_mixin.py:188} INFO - [2025-03-01T06:11:51.131+0000] {dagbag.py:545} INFO - Filling up the DagBag from /opt/airflow/dags/first_dag.py
[2025-03-01T06:11:51.143+0000] {logging_mixin.py:188} INFO - [2025-03-01T06:11:51.140+0000] {dagbag.py:355} ERROR - Failed to import: /opt/airflow/dags/first_dag.py
Traceback (most recent call last):
  File "/home/airflow/.local/lib/python3.12/site-packages/airflow/models/dagbag.py", line 351, in parse
    loader.exec_module(new_module)
  File "<frozen importlib._bootstrap_external>", line 995, in exec_module
  File "<frozen importlib._bootstrap>", line 488, in _call_with_frames_removed
  File "/opt/airflow/dags/first_dag.py", line 2, in <module>
    from airflow.providers.apache.hdfs.sensors.hdfs import HdfsSensor
ModuleNotFoundError: No module named 'airflow.providers.apache'
[2025-03-01T06:11:51.144+0000] {processor.py:842} WARNING - No viable dags retrieved from /opt/airflow/dags/first_dag.py
[2025-03-01T06:11:51.166+0000] {processor.py:183} INFO - Processing /opt/airflow/dags/first_dag.py took 0.042 seconds
