[2025-03-05T15:14:06.443+0000] {local_task_job_runner.py:120} INFO - ::group::Pre task execution logs
[2025-03-05T15:14:06.466+0000] {taskinstance.py:2076} INFO - Dependencies all met for dep_context=non-requeueable deps ti=<TaskInstance: crawl_tamanh_split_storage.save_to_minio manual__2025-03-05T15:08:55.692257+00:00 [queued]>
[2025-03-05T15:14:06.471+0000] {taskinstance.py:2076} INFO - Dependencies all met for dep_context=requeueable deps ti=<TaskInstance: crawl_tamanh_split_storage.save_to_minio manual__2025-03-05T15:08:55.692257+00:00 [queued]>
[2025-03-05T15:14:06.472+0000] {taskinstance.py:2306} INFO - Starting attempt 2 of 3
[2025-03-05T15:14:06.482+0000] {taskinstance.py:2330} INFO - Executing <Task(PythonOperator): save_to_minio> on 2025-03-05 15:08:55.692257+00:00
[2025-03-05T15:14:06.491+0000] {logging_mixin.py:188} WARNING - /home/***/.local/lib/python3.12/site-packages/***/task/task_runner/standard_task_runner.py:61 DeprecationWarning: This process (pid=654) is multi-threaded, use of fork() may lead to deadlocks in the child.
[2025-03-05T15:14:06.492+0000] {standard_task_runner.py:63} INFO - Started process 656 to run task
[2025-03-05T15:14:06.491+0000] {standard_task_runner.py:90} INFO - Running: ['***', 'tasks', 'run', 'crawl_tamanh_split_storage', 'save_to_minio', 'manual__2025-03-05T15:08:55.692257+00:00', '--job-id', '193', '--raw', '--subdir', 'DAGS_FOLDER/crawl_data_to_hdfs_minio.py', '--cfg-path', '/tmp/tmpriveg6em']
[2025-03-05T15:14:06.492+0000] {standard_task_runner.py:91} INFO - Job 193: Subtask save_to_minio
[2025-03-05T15:14:06.529+0000] {task_command.py:426} INFO - Running <TaskInstance: crawl_tamanh_split_storage.save_to_minio manual__2025-03-05T15:08:55.692257+00:00 [running]> on host 849e908aac59
[2025-03-05T15:14:06.592+0000] {taskinstance.py:2648} INFO - Exporting env vars: AIRFLOW_CTX_DAG_OWNER='***' AIRFLOW_CTX_DAG_ID='crawl_tamanh_split_storage' AIRFLOW_CTX_TASK_ID='save_to_minio' AIRFLOW_CTX_EXECUTION_DATE='2025-03-05T15:08:55.692257+00:00' AIRFLOW_CTX_TRY_NUMBER='2' AIRFLOW_CTX_DAG_RUN_ID='manual__2025-03-05T15:08:55.692257+00:00'
[2025-03-05T15:14:06.593+0000] {taskinstance.py:430} INFO - ::endgroup::
[2025-03-05T15:14:10.282+0000] {local_task_job_runner.py:124} ERROR - Received SIGTERM. Terminating subprocesses
[2025-03-05T15:14:10.300+0000] {process_utils.py:132} INFO - Sending 15 to group 656. PIDs of all processes in the group: [656]
[2025-03-05T15:14:10.303+0000] {process_utils.py:87} INFO - Sending the signal 15 to group 656
[2025-03-05T15:14:10.304+0000] {taskinstance.py:2611} ERROR - Received SIGTERM. Terminating subprocesses.
[2025-03-05T15:14:10.305+0000] {taskinstance.py:441} INFO - ::group::Post task execution logs
[2025-03-05T15:14:10.337+0000] {taskinstance.py:2905} ERROR - Task failed with exception
Traceback (most recent call last):
  File "/home/airflow/.local/lib/python3.12/site-packages/airflow/models/taskinstance.py", line 465, in _execute_task
    result = _execute_callable(context=context, **execute_callable_kwargs)
             ^^^^^^^^^^^^^^^^^^^^^^^^^^^^^^^^^^^^^^^^^^^^^^^^^^^^^^^^^^^^^
  File "/home/airflow/.local/lib/python3.12/site-packages/airflow/models/taskinstance.py", line 432, in _execute_callable
    return execute_callable(context=context, **execute_callable_kwargs)
           ^^^^^^^^^^^^^^^^^^^^^^^^^^^^^^^^^^^^^^^^^^^^^^^^^^^^^^^^^^^^
  File "/home/airflow/.local/lib/python3.12/site-packages/airflow/models/baseoperator.py", line 401, in wrapper
    return func(self, *args, **kwargs)
           ^^^^^^^^^^^^^^^^^^^^^^^^^^^
  File "/home/airflow/.local/lib/python3.12/site-packages/airflow/operators/python.py", line 235, in execute
    return_value = self.execute_callable()
                   ^^^^^^^^^^^^^^^^^^^^^^^
  File "/home/airflow/.local/lib/python3.12/site-packages/airflow/operators/python.py", line 252, in execute_callable
    return self.python_callable(*self.op_args, **self.op_kwargs)
           ^^^^^^^^^^^^^^^^^^^^^^^^^^^^^^^^^^^^^^^^^^^^^^^^^^^^^
  File "/opt/airflow/dags/crawl_data_to_hdfs_minio.py", line 108, in save_to_minio
    existing_buckets = [b['Name'] for b in s3_client.list_buckets()['Buckets']]
                                           ^^^^^^^^^^^^^^^^^^^^^^^^
  File "/home/airflow/.local/lib/python3.12/site-packages/botocore/client.py", line 565, in _api_call
    return self._make_api_call(operation_name, kwargs)
           ^^^^^^^^^^^^^^^^^^^^^^^^^^^^^^^^^^^^^^^^^^^
  File "/home/airflow/.local/lib/python3.12/site-packages/botocore/client.py", line 1001, in _make_api_call
    http, parsed_response = self._make_request(
                            ^^^^^^^^^^^^^^^^^^^
  File "/home/airflow/.local/lib/python3.12/site-packages/botocore/client.py", line 1027, in _make_request
    return self._endpoint.make_request(operation_model, request_dict)
           ^^^^^^^^^^^^^^^^^^^^^^^^^^^^^^^^^^^^^^^^^^^^^^^^^^^^^^^^^^
  File "/home/airflow/.local/lib/python3.12/site-packages/botocore/endpoint.py", line 119, in make_request
    return self._send_request(request_dict, operation_model)
           ^^^^^^^^^^^^^^^^^^^^^^^^^^^^^^^^^^^^^^^^^^^^^^^^^
  File "/home/airflow/.local/lib/python3.12/site-packages/botocore/endpoint.py", line 202, in _send_request
    while self._needs_retry(
          ^^^^^^^^^^^^^^^^^^
  File "/home/airflow/.local/lib/python3.12/site-packages/botocore/endpoint.py", line 373, in _needs_retry
    time.sleep(handler_response)
  File "/home/airflow/.local/lib/python3.12/site-packages/airflow/models/taskinstance.py", line 2613, in signal_handler
    raise AirflowTaskTerminated("Task received SIGTERM signal")
airflow.exceptions.AirflowTaskTerminated: Task received SIGTERM signal
[2025-03-05T15:14:10.359+0000] {taskinstance.py:1206} INFO - Marking task as UP_FOR_RETRY. dag_id=crawl_tamanh_split_storage, task_id=save_to_minio, run_id=manual__2025-03-05T15:08:55.692257+00:00, execution_date=20250305T150855, start_date=20250305T151406, end_date=20250305T151410
[2025-03-05T15:14:10.448+0000] {process_utils.py:80} INFO - Process psutil.Process(pid=656, status='terminated', exitcode=2, started='15:14:06') (656) terminated with exit code 2
[2025-03-05T15:14:10.461+0000] {local_task_job_runner.py:240} INFO - Task exited with return code 143
[2025-03-05T15:14:10.482+0000] {taskinstance.py:3503} INFO - 0 downstream tasks scheduled from follow-on schedule check
[2025-03-05T15:14:11.409+0000] {local_task_job_runner.py:222} INFO - ::endgroup::
