[2025-02-28T14:53:00.287+0000] {local_task_job_runner.py:120} INFO - ::group::Pre task execution logs
[2025-02-28T14:53:00.311+0000] {taskinstance.py:2076} INFO - Dependencies all met for dep_context=non-requeueable deps ti=<TaskInstance: crawl_tamanh_split_storage.load_urls scheduled__2025-02-27T00:00:00+00:00 [queued]>
[2025-02-28T14:53:00.316+0000] {taskinstance.py:2076} INFO - Dependencies all met for dep_context=requeueable deps ti=<TaskInstance: crawl_tamanh_split_storage.load_urls scheduled__2025-02-27T00:00:00+00:00 [queued]>
[2025-02-28T14:53:00.317+0000] {taskinstance.py:2306} INFO - Starting attempt 3 of 3
[2025-02-28T14:53:00.328+0000] {taskinstance.py:2330} INFO - Executing <Task(PythonOperator): load_urls> on 2025-02-27 00:00:00+00:00
[2025-02-28T14:53:00.337+0000] {standard_task_runner.py:90} INFO - Running: ['***', 'tasks', 'run', 'crawl_tamanh_split_storage', 'load_urls', 'scheduled__2025-02-27T00:00:00+00:00', '--job-id', '26', '--raw', '--subdir', 'DAGS_FOLDER/crawl_data_to_hdfs_minio.py', '--cfg-path', '/tmp/tmp49_ow64h']
[2025-02-28T14:53:00.339+0000] {logging_mixin.py:188} WARNING - /home/***/.local/lib/python3.12/site-packages/***/task/task_runner/standard_task_runner.py:61 DeprecationWarning: This process (pid=1429) is multi-threaded, use of fork() may lead to deadlocks in the child.
[2025-02-28T14:53:00.340+0000] {standard_task_runner.py:91} INFO - Job 26: Subtask load_urls
[2025-02-28T14:53:00.340+0000] {standard_task_runner.py:63} INFO - Started process 1431 to run task
[2025-02-28T14:53:00.392+0000] {task_command.py:426} INFO - Running <TaskInstance: crawl_tamanh_split_storage.load_urls scheduled__2025-02-27T00:00:00+00:00 [running]> on host 27ac4da571c3
[2025-02-28T14:53:00.471+0000] {taskinstance.py:2648} INFO - Exporting env vars: AIRFLOW_CTX_DAG_OWNER='***' AIRFLOW_CTX_DAG_ID='crawl_tamanh_split_storage' AIRFLOW_CTX_TASK_ID='load_urls' AIRFLOW_CTX_EXECUTION_DATE='2025-02-27T00:00:00+00:00' AIRFLOW_CTX_TRY_NUMBER='3' AIRFLOW_CTX_DAG_RUN_ID='scheduled__2025-02-27T00:00:00+00:00'
[2025-02-28T14:53:00.472+0000] {taskinstance.py:430} INFO - ::endgroup::
[2025-02-28T14:53:00.490+0000] {taskinstance.py:441} INFO - ::group::Post task execution logs
[2025-02-28T14:53:00.490+0000] {taskinstance.py:2905} ERROR - Task failed with exception
Traceback (most recent call last):
  File "/home/airflow/.local/lib/python3.12/site-packages/airflow/models/taskinstance.py", line 465, in _execute_task
    result = _execute_callable(context=context, **execute_callable_kwargs)
             ^^^^^^^^^^^^^^^^^^^^^^^^^^^^^^^^^^^^^^^^^^^^^^^^^^^^^^^^^^^^^
  File "/home/airflow/.local/lib/python3.12/site-packages/airflow/models/taskinstance.py", line 432, in _execute_callable
    return execute_callable(context=context, **execute_callable_kwargs)
           ^^^^^^^^^^^^^^^^^^^^^^^^^^^^^^^^^^^^^^^^^^^^^^^^^^^^^^^^^^^^
  File "/home/airflow/.local/lib/python3.12/site-packages/airflow/models/baseoperator.py", line 401, in wrapper
    return func(self, *args, **kwargs)
           ^^^^^^^^^^^^^^^^^^^^^^^^^^^
  File "/home/airflow/.local/lib/python3.12/site-packages/airflow/operators/python.py", line 235, in execute
    return_value = self.execute_callable()
                   ^^^^^^^^^^^^^^^^^^^^^^^
  File "/home/airflow/.local/lib/python3.12/site-packages/airflow/operators/python.py", line 252, in execute_callable
    return self.python_callable(*self.op_args, **self.op_kwargs)
           ^^^^^^^^^^^^^^^^^^^^^^^^^^^^^^^^^^^^^^^^^^^^^^^^^^^^^
  File "/opt/airflow/dags/crawl_data_to_hdfs_minio.py", line 33, in load_urls
    df = pd.read_csv('/url_test.csv')
         ^^^^^^^^^^^^^^^^^^^^^^^^^^^^
  File "/home/airflow/.local/lib/python3.12/site-packages/pandas/io/parsers/readers.py", line 948, in read_csv
    return _read(filepath_or_buffer, kwds)
           ^^^^^^^^^^^^^^^^^^^^^^^^^^^^^^^
  File "/home/airflow/.local/lib/python3.12/site-packages/pandas/io/parsers/readers.py", line 611, in _read
    parser = TextFileReader(filepath_or_buffer, **kwds)
             ^^^^^^^^^^^^^^^^^^^^^^^^^^^^^^^^^^^^^^^^^^
  File "/home/airflow/.local/lib/python3.12/site-packages/pandas/io/parsers/readers.py", line 1448, in __init__
    self._engine = self._make_engine(f, self.engine)
                   ^^^^^^^^^^^^^^^^^^^^^^^^^^^^^^^^^
  File "/home/airflow/.local/lib/python3.12/site-packages/pandas/io/parsers/readers.py", line 1705, in _make_engine
    self.handles = get_handle(
                   ^^^^^^^^^^^
  File "/home/airflow/.local/lib/python3.12/site-packages/pandas/io/common.py", line 863, in get_handle
    handle = open(
             ^^^^^
FileNotFoundError: [Errno 2] No such file or directory: '/url_test.csv'
[2025-02-28T14:53:00.502+0000] {taskinstance.py:1206} INFO - Marking task as FAILED. dag_id=crawl_tamanh_split_storage, task_id=load_urls, run_id=scheduled__2025-02-27T00:00:00+00:00, execution_date=20250227T000000, start_date=20250228T145300, end_date=20250228T145300
[2025-02-28T14:53:00.514+0000] {standard_task_runner.py:110} ERROR - Failed to execute job 26 for task load_urls ([Errno 2] No such file or directory: '/url_test.csv'; 1431)
[2025-02-28T14:53:00.555+0000] {local_task_job_runner.py:240} INFO - Task exited with return code 1
[2025-02-28T14:53:00.573+0000] {taskinstance.py:3503} INFO - 0 downstream tasks scheduled from follow-on schedule check
[2025-02-28T14:53:00.579+0000] {local_task_job_runner.py:222} INFO - ::endgroup::
