[2025-04-01T10:08:49.588+0000] {local_task_job_runner.py:120} INFO - ::group::Pre task execution logs
[2025-04-01T10:08:49.619+0000] {taskinstance.py:2076} INFO - Dependencies all met for dep_context=non-requeueable deps ti=<TaskInstance: crawl_tamanh.crawl_batch_50 manual__2025-04-01T10:07:49.080460+00:00 [queued]>
[2025-04-01T10:08:49.630+0000] {taskinstance.py:2076} INFO - Dependencies all met for dep_context=requeueable deps ti=<TaskInstance: crawl_tamanh.crawl_batch_50 manual__2025-04-01T10:07:49.080460+00:00 [queued]>
[2025-04-01T10:08:49.630+0000] {taskinstance.py:2306} INFO - Starting attempt 1 of 3
[2025-04-01T10:08:49.644+0000] {taskinstance.py:2330} INFO - Executing <Task(PythonOperator): crawl_batch_50> on 2025-04-01 10:07:49.080460+00:00
[2025-04-01T10:08:49.655+0000] {logging_mixin.py:188} WARNING - /home/***/.local/lib/python3.12/site-packages/***/task/task_runner/standard_task_runner.py:61 DeprecationWarning: This process (pid=1858) is multi-threaded, use of fork() may lead to deadlocks in the child.
[2025-04-01T10:08:49.656+0000] {standard_task_runner.py:63} INFO - Started process 1868 to run task
[2025-04-01T10:08:49.655+0000] {standard_task_runner.py:90} INFO - Running: ['***', 'tasks', 'run', 'crawl_tamanh', 'crawl_batch_50', 'manual__2025-04-01T10:07:49.080460+00:00', '--job-id', '526', '--raw', '--subdir', 'DAGS_FOLDER/crawl_data_with_dag.py', '--cfg-path', '/tmp/tmpbbdc3ipc']
[2025-04-01T10:08:49.657+0000] {standard_task_runner.py:91} INFO - Job 526: Subtask crawl_batch_50
[2025-04-01T10:08:49.700+0000] {task_command.py:426} INFO - Running <TaskInstance: crawl_tamanh.crawl_batch_50 manual__2025-04-01T10:07:49.080460+00:00 [running]> on host a2df5b4b52f3
[2025-04-01T10:08:49.785+0000] {taskinstance.py:2648} INFO - Exporting env vars: AIRFLOW_CTX_DAG_OWNER='***' AIRFLOW_CTX_DAG_ID='crawl_tamanh' AIRFLOW_CTX_TASK_ID='crawl_batch_50' AIRFLOW_CTX_EXECUTION_DATE='2025-04-01T10:07:49.080460+00:00' AIRFLOW_CTX_TRY_NUMBER='1' AIRFLOW_CTX_DAG_RUN_ID='manual__2025-04-01T10:07:49.080460+00:00'
[2025-04-01T10:08:49.787+0000] {taskinstance.py:430} INFO - ::endgroup::
[2025-04-01T10:09:06.006+0000] {taskinstance.py:441} INFO - ::group::Post task execution logs
[2025-04-01T10:09:06.007+0000] {taskinstance.py:2905} ERROR - Task failed with exception
Traceback (most recent call last):
  File "/home/airflow/.local/lib/python3.12/site-packages/airflow/models/taskinstance.py", line 465, in _execute_task
    result = _execute_callable(context=context, **execute_callable_kwargs)
             ^^^^^^^^^^^^^^^^^^^^^^^^^^^^^^^^^^^^^^^^^^^^^^^^^^^^^^^^^^^^^
  File "/home/airflow/.local/lib/python3.12/site-packages/airflow/models/taskinstance.py", line 432, in _execute_callable
    return execute_callable(context=context, **execute_callable_kwargs)
           ^^^^^^^^^^^^^^^^^^^^^^^^^^^^^^^^^^^^^^^^^^^^^^^^^^^^^^^^^^^^
  File "/home/airflow/.local/lib/python3.12/site-packages/airflow/models/baseoperator.py", line 401, in wrapper
    return func(self, *args, **kwargs)
           ^^^^^^^^^^^^^^^^^^^^^^^^^^^
  File "/home/airflow/.local/lib/python3.12/site-packages/airflow/operators/python.py", line 235, in execute
    return_value = self.execute_callable()
                   ^^^^^^^^^^^^^^^^^^^^^^^
  File "/home/airflow/.local/lib/python3.12/site-packages/airflow/operators/python.py", line 252, in execute_callable
    return self.python_callable(*self.op_args, **self.op_kwargs)
           ^^^^^^^^^^^^^^^^^^^^^^^^^^^^^^^^^^^^^^^^^^^^^^^^^^^^^
  File "/opt/airflow/dags/crawl_data_with_dag.py", line 101, in process_batch
    writer.writerows(results)
  File "/usr/local/lib/python3.12/csv.py", line 167, in writerows
    return self.writer.writerows(map(self._dict_to_list, rowdicts))
           ^^^^^^^^^^^^^^^^^^^^^^^^^^^^^^^^^^^^^^^^^^^^^^^^^^^^^^^^
  File "/usr/local/lib/python3.12/csv.py", line 157, in _dict_to_list
    wrong_fields = rowdict.keys() - self.fieldnames
                   ^^^^^^^^^^^^
AttributeError: 'str' object has no attribute 'keys'
[2025-04-01T10:09:06.017+0000] {taskinstance.py:1206} INFO - Marking task as UP_FOR_RETRY. dag_id=crawl_tamanh, task_id=crawl_batch_50, run_id=manual__2025-04-01T10:07:49.080460+00:00, execution_date=20250401T100749, start_date=20250401T100849, end_date=20250401T100906
[2025-04-01T10:09:06.027+0000] {standard_task_runner.py:110} ERROR - Failed to execute job 526 for task crawl_batch_50 ((psycopg2.errors.ForeignKeyViolation) insert or update on table "task_fail" violates foreign key constraint "task_fail_ti_fkey"
DETAIL:  Key (dag_id, task_id, run_id, map_index)=(crawl_tamanh, crawl_batch_50, manual__2025-04-01T10:07:49.080460+00:00, -1) is not present in table "task_instance".

[SQL: INSERT INTO task_fail (task_id, dag_id, run_id, map_index, start_date, end_date, duration) VALUES (%(task_id)s, %(dag_id)s, %(run_id)s, %(map_index)s, %(start_date)s, %(end_date)s, %(duration)s) RETURNING task_fail.id]
[parameters: {'task_id': 'crawl_batch_50', 'dag_id': 'crawl_tamanh', 'run_id': 'manual__2025-04-01T10:07:49.080460+00:00', 'map_index': -1, 'start_date': datetime.datetime(2025, 4, 1, 10, 8, 49, 620067, tzinfo=Timezone('UTC')), 'end_date': datetime.datetime(2025, 4, 1, 10, 9, 6, 17080, tzinfo=Timezone('UTC')), 'duration': 16}]
(Background on this error at: https://sqlalche.me/e/14/gkpj); 1868)
[2025-04-01T10:09:06.057+0000] {local_task_job_runner.py:240} INFO - Task exited with return code 1
[2025-04-01T10:09:06.064+0000] {local_task_job_runner.py:222} INFO - ::endgroup::
