[2025-04-01T09:13:32.813+0000] {local_task_job_runner.py:120} INFO - ::group::Pre task execution logs
[2025-04-01T09:13:32.839+0000] {taskinstance.py:2076} INFO - Dependencies all met for dep_context=non-requeueable deps ti=<TaskInstance: crawl_tamanh.crawl_batch_4 manual__2025-04-01T09:11:54.136173+00:00 [queued]>
[2025-04-01T09:13:32.848+0000] {taskinstance.py:2076} INFO - Dependencies all met for dep_context=requeueable deps ti=<TaskInstance: crawl_tamanh.crawl_batch_4 manual__2025-04-01T09:11:54.136173+00:00 [queued]>
[2025-04-01T09:13:32.849+0000] {taskinstance.py:2306} INFO - Starting attempt 1 of 3
[2025-04-01T09:13:32.862+0000] {taskinstance.py:2330} INFO - Executing <Task(PythonOperator): crawl_batch_4> on 2025-04-01 09:11:54.136173+00:00
[2025-04-01T09:13:32.872+0000] {logging_mixin.py:188} WARNING - /home/***/.local/lib/python3.12/site-packages/***/task/task_runner/standard_task_runner.py:61 DeprecationWarning: This process (pid=1425) is multi-threaded, use of fork() may lead to deadlocks in the child.
[2025-04-01T09:13:32.873+0000] {standard_task_runner.py:63} INFO - Started process 1427 to run task
[2025-04-01T09:13:32.872+0000] {standard_task_runner.py:90} INFO - Running: ['***', 'tasks', 'run', 'crawl_tamanh', 'crawl_batch_4', 'manual__2025-04-01T09:11:54.136173+00:00', '--job-id', '91', '--raw', '--subdir', 'DAGS_FOLDER/crawl_data_with_dag.py', '--cfg-path', '/tmp/tmpg6v4xoxo']
[2025-04-01T09:13:32.875+0000] {standard_task_runner.py:91} INFO - Job 91: Subtask crawl_batch_4
[2025-04-01T09:13:32.919+0000] {task_command.py:426} INFO - Running <TaskInstance: crawl_tamanh.crawl_batch_4 manual__2025-04-01T09:11:54.136173+00:00 [running]> on host a2df5b4b52f3
[2025-04-01T09:13:32.997+0000] {taskinstance.py:2648} INFO - Exporting env vars: AIRFLOW_CTX_DAG_OWNER='***' AIRFLOW_CTX_DAG_ID='crawl_tamanh' AIRFLOW_CTX_TASK_ID='crawl_batch_4' AIRFLOW_CTX_EXECUTION_DATE='2025-04-01T09:11:54.136173+00:00' AIRFLOW_CTX_TRY_NUMBER='1' AIRFLOW_CTX_DAG_RUN_ID='manual__2025-04-01T09:11:54.136173+00:00'
[2025-04-01T09:13:32.998+0000] {taskinstance.py:430} INFO - ::endgroup::
[2025-04-01T09:15:08.707+0000] {local_task_job_runner.py:310} WARNING - State of this instance has been externally set to None. Terminating instance.
[2025-04-01T09:15:08.708+0000] {local_task_job_runner.py:222} INFO - ::endgroup::
[2025-04-01T09:15:08.710+0000] {process_utils.py:132} INFO - Sending 15 to group 1427. PIDs of all processes in the group: [1427]
[2025-04-01T09:15:08.710+0000] {process_utils.py:87} INFO - Sending the signal 15 to group 1427
[2025-04-01T09:15:08.711+0000] {taskinstance.py:2611} ERROR - Received SIGTERM. Terminating subprocesses.
[2025-04-01T09:15:08.711+0000] {taskinstance.py:441} INFO - ::group::Post task execution logs
[2025-04-01T09:15:08.718+0000] {taskinstance.py:2905} ERROR - Task failed with exception
Traceback (most recent call last):
  File "/home/airflow/.local/lib/python3.12/site-packages/airflow/models/taskinstance.py", line 465, in _execute_task
    result = _execute_callable(context=context, **execute_callable_kwargs)
             ^^^^^^^^^^^^^^^^^^^^^^^^^^^^^^^^^^^^^^^^^^^^^^^^^^^^^^^^^^^^^
  File "/home/airflow/.local/lib/python3.12/site-packages/airflow/models/taskinstance.py", line 432, in _execute_callable
    return execute_callable(context=context, **execute_callable_kwargs)
           ^^^^^^^^^^^^^^^^^^^^^^^^^^^^^^^^^^^^^^^^^^^^^^^^^^^^^^^^^^^^
  File "/home/airflow/.local/lib/python3.12/site-packages/airflow/models/baseoperator.py", line 401, in wrapper
    return func(self, *args, **kwargs)
           ^^^^^^^^^^^^^^^^^^^^^^^^^^^
  File "/home/airflow/.local/lib/python3.12/site-packages/airflow/operators/python.py", line 235, in execute
    return_value = self.execute_callable()
                   ^^^^^^^^^^^^^^^^^^^^^^^
  File "/home/airflow/.local/lib/python3.12/site-packages/airflow/operators/python.py", line 252, in execute_callable
    return self.python_callable(*self.op_args, **self.op_kwargs)
           ^^^^^^^^^^^^^^^^^^^^^^^^^^^^^^^^^^^^^^^^^^^^^^^^^^^^^
  File "/opt/airflow/dags/crawl_data_with_dag.py", line 94, in process_batch
    results.extend(get_content_from_url(url))  # Lấy dữ liệu từng URL
                   ^^^^^^^^^^^^^^^^^^^^^^^^^
  File "/opt/airflow/dags/crawl_data_with_dag.py", line 40, in get_content_from_url
    response = requests.get(url, timeout=10)
               ^^^^^^^^^^^^^^^^^^^^^^^^^^^^^
  File "/home/airflow/.local/lib/python3.12/site-packages/requests/api.py", line 73, in get
    return request("get", url, params=params, **kwargs)
           ^^^^^^^^^^^^^^^^^^^^^^^^^^^^^^^^^^^^^^^^^^^^
  File "/home/airflow/.local/lib/python3.12/site-packages/requests/api.py", line 59, in request
    return session.request(method=method, url=url, **kwargs)
           ^^^^^^^^^^^^^^^^^^^^^^^^^^^^^^^^^^^^^^^^^^^^^^^^^
  File "/home/airflow/.local/lib/python3.12/site-packages/requests/sessions.py", line 589, in request
    resp = self.send(prep, **send_kwargs)
           ^^^^^^^^^^^^^^^^^^^^^^^^^^^^^^
  File "/home/airflow/.local/lib/python3.12/site-packages/requests/sessions.py", line 703, in send
    r = adapter.send(request, **kwargs)
        ^^^^^^^^^^^^^^^^^^^^^^^^^^^^^^^
  File "/home/airflow/.local/lib/python3.12/site-packages/requests/adapters.py", line 486, in send
    resp = conn.urlopen(
           ^^^^^^^^^^^^^
  File "/home/airflow/.local/lib/python3.12/site-packages/urllib3/connectionpool.py", line 793, in urlopen
    response = self._make_request(
               ^^^^^^^^^^^^^^^^^^^
  File "/home/airflow/.local/lib/python3.12/site-packages/urllib3/connectionpool.py", line 467, in _make_request
    self._validate_conn(conn)
  File "/home/airflow/.local/lib/python3.12/site-packages/urllib3/connectionpool.py", line 1099, in _validate_conn
    conn.connect()
  File "/home/airflow/.local/lib/python3.12/site-packages/urllib3/connection.py", line 616, in connect
    self.sock = sock = self._new_conn()
                       ^^^^^^^^^^^^^^^^
  File "/home/airflow/.local/lib/python3.12/site-packages/urllib3/connection.py", line 198, in _new_conn
    sock = connection.create_connection(
           ^^^^^^^^^^^^^^^^^^^^^^^^^^^^^
  File "/home/airflow/.local/lib/python3.12/site-packages/urllib3/util/connection.py", line 73, in create_connection
    sock.connect(sa)
  File "/home/airflow/.local/lib/python3.12/site-packages/airflow/models/taskinstance.py", line 2613, in signal_handler
    raise AirflowTaskTerminated("Task received SIGTERM signal")
airflow.exceptions.AirflowTaskTerminated: Task received SIGTERM signal
[2025-04-01T09:15:08.726+0000] {taskinstance.py:1206} INFO - Marking task as UP_FOR_RETRY. dag_id=crawl_tamanh, task_id=crawl_batch_4, run_id=manual__2025-04-01T09:11:54.136173+00:00, execution_date=20250401T091154, start_date=20250401T091332, end_date=20250401T091508
[2025-04-01T09:15:08.735+0000] {standard_task_runner.py:110} ERROR - Failed to execute job 91 for task crawl_batch_4 ((psycopg2.errors.ForeignKeyViolation) insert or update on table "task_fail" violates foreign key constraint "task_fail_ti_fkey"
DETAIL:  Key (dag_id, task_id, run_id, map_index)=(crawl_tamanh, crawl_batch_4, manual__2025-04-01T09:11:54.136173+00:00, -1) is not present in table "task_instance".

[SQL: INSERT INTO task_fail (task_id, dag_id, run_id, map_index, start_date, end_date, duration) VALUES (%(task_id)s, %(dag_id)s, %(run_id)s, %(map_index)s, %(start_date)s, %(end_date)s, %(duration)s) RETURNING task_fail.id]
[parameters: {'task_id': 'crawl_batch_4', 'dag_id': 'crawl_tamanh', 'run_id': 'manual__2025-04-01T09:11:54.136173+00:00', 'map_index': -1, 'start_date': datetime.datetime(2025, 4, 1, 9, 13, 32, 840254, tzinfo=Timezone('UTC')), 'end_date': datetime.datetime(2025, 4, 1, 9, 15, 8, 725843, tzinfo=Timezone('UTC')), 'duration': 95}]
(Background on this error at: https://sqlalche.me/e/14/gkpj); 1427)
[2025-04-01T09:15:08.763+0000] {process_utils.py:80} INFO - Process psutil.Process(pid=1427, status='terminated', exitcode=1, started='09:13:32') (1427) terminated with exit code 1
