[2025-03-05T15:20:00.164+0000] {local_task_job_runner.py:120} INFO - ::group::Pre task execution logs
[2025-03-05T15:20:00.192+0000] {taskinstance.py:2076} INFO - Dependencies all met for dep_context=non-requeueable deps ti=<TaskInstance: crawl_tamanh_split_storage.crawl_minio_urls manual__2025-03-05T15:09:50.824259+00:00 [queued]>
[2025-03-05T15:20:00.199+0000] {taskinstance.py:2076} INFO - Dependencies all met for dep_context=requeueable deps ti=<TaskInstance: crawl_tamanh_split_storage.crawl_minio_urls manual__2025-03-05T15:09:50.824259+00:00 [queued]>
[2025-03-05T15:20:00.200+0000] {taskinstance.py:2306} INFO - Starting attempt 3 of 3
[2025-03-05T15:20:00.214+0000] {taskinstance.py:2330} INFO - Executing <Task(PythonOperator): crawl_minio_urls> on 2025-03-05 15:09:50.824259+00:00
[2025-03-05T15:20:00.223+0000] {standard_task_runner.py:90} INFO - Running: ['***', 'tasks', 'run', 'crawl_tamanh_split_storage', 'crawl_minio_urls', 'manual__2025-03-05T15:09:50.824259+00:00', '--job-id', '227', '--raw', '--subdir', 'DAGS_FOLDER/crawl_data_to_hdfs_minio.py', '--cfg-path', '/tmp/tmp6ldm3ykf']
[2025-03-05T15:20:00.226+0000] {standard_task_runner.py:91} INFO - Job 227: Subtask crawl_minio_urls
[2025-03-05T15:20:00.226+0000] {logging_mixin.py:188} WARNING - /home/***/.local/lib/python3.12/site-packages/***/task/task_runner/standard_task_runner.py:61 DeprecationWarning: This process (pid=408) is multi-threaded, use of fork() may lead to deadlocks in the child.
[2025-03-05T15:20:00.227+0000] {standard_task_runner.py:63} INFO - Started process 412 to run task
[2025-03-05T15:20:00.276+0000] {task_command.py:426} INFO - Running <TaskInstance: crawl_tamanh_split_storage.crawl_minio_urls manual__2025-03-05T15:09:50.824259+00:00 [running]> on host 38e71b002841
[2025-03-05T15:20:00.359+0000] {taskinstance.py:2648} INFO - Exporting env vars: AIRFLOW_CTX_DAG_OWNER='***' AIRFLOW_CTX_DAG_ID='crawl_tamanh_split_storage' AIRFLOW_CTX_TASK_ID='crawl_minio_urls' AIRFLOW_CTX_EXECUTION_DATE='2025-03-05T15:09:50.824259+00:00' AIRFLOW_CTX_TRY_NUMBER='3' AIRFLOW_CTX_DAG_RUN_ID='manual__2025-03-05T15:09:50.824259+00:00'
[2025-03-05T15:20:00.360+0000] {taskinstance.py:430} INFO - ::endgroup::
[2025-03-05T15:20:00.379+0000] {taskinstance.py:441} INFO - ::group::Post task execution logs
[2025-03-05T15:20:00.380+0000] {taskinstance.py:2905} ERROR - Task failed with exception
Traceback (most recent call last):
  File "/home/airflow/.local/lib/python3.12/site-packages/airflow/models/taskinstance.py", line 465, in _execute_task
    result = _execute_callable(context=context, **execute_callable_kwargs)
             ^^^^^^^^^^^^^^^^^^^^^^^^^^^^^^^^^^^^^^^^^^^^^^^^^^^^^^^^^^^^^
  File "/home/airflow/.local/lib/python3.12/site-packages/airflow/models/taskinstance.py", line 432, in _execute_callable
    return execute_callable(context=context, **execute_callable_kwargs)
           ^^^^^^^^^^^^^^^^^^^^^^^^^^^^^^^^^^^^^^^^^^^^^^^^^^^^^^^^^^^^
  File "/home/airflow/.local/lib/python3.12/site-packages/airflow/models/baseoperator.py", line 401, in wrapper
    return func(self, *args, **kwargs)
           ^^^^^^^^^^^^^^^^^^^^^^^^^^^
  File "/home/airflow/.local/lib/python3.12/site-packages/airflow/operators/python.py", line 235, in execute
    return_value = self.execute_callable()
                   ^^^^^^^^^^^^^^^^^^^^^^^
  File "/home/airflow/.local/lib/python3.12/site-packages/airflow/operators/python.py", line 252, in execute_callable
    return self.python_callable(*self.op_args, **self.op_kwargs)
           ^^^^^^^^^^^^^^^^^^^^^^^^^^^^^^^^^^^^^^^^^^^^^^^^^^^^^
  File "/opt/airflow/dags/crawl_data_to_hdfs_minio.py", line 85, in crawl_minio
    for url_data in minio_urls:
TypeError: 'NoneType' object is not iterable
[2025-03-05T15:20:00.392+0000] {taskinstance.py:1206} INFO - Marking task as FAILED. dag_id=crawl_tamanh_split_storage, task_id=crawl_minio_urls, run_id=manual__2025-03-05T15:09:50.824259+00:00, execution_date=20250305T150950, start_date=20250305T152000, end_date=20250305T152000
[2025-03-05T15:20:00.404+0000] {standard_task_runner.py:110} ERROR - Failed to execute job 227 for task crawl_minio_urls ('NoneType' object is not iterable; 412)
[2025-03-05T15:20:00.441+0000] {local_task_job_runner.py:240} INFO - Task exited with return code 1
[2025-03-05T15:20:00.454+0000] {taskinstance.py:3503} INFO - 0 downstream tasks scheduled from follow-on schedule check
[2025-03-05T15:20:00.457+0000] {local_task_job_runner.py:222} INFO - ::endgroup::
