[2025-03-05T15:09:51.906+0000] {local_task_job_runner.py:120} INFO - ::group::Pre task execution logs
[2025-03-05T15:09:51.936+0000] {taskinstance.py:2076} INFO - Dependencies all met for dep_context=non-requeueable deps ti=<TaskInstance: crawl_tamanh_split_storage.crawl_hdfs_urls manual__2025-03-05T15:09:50.824259+00:00 [queued]>
[2025-03-05T15:09:51.943+0000] {taskinstance.py:2076} INFO - Dependencies all met for dep_context=requeueable deps ti=<TaskInstance: crawl_tamanh_split_storage.crawl_hdfs_urls manual__2025-03-05T15:09:50.824259+00:00 [queued]>
[2025-03-05T15:09:51.944+0000] {taskinstance.py:2306} INFO - Starting attempt 1 of 3
[2025-03-05T15:09:51.959+0000] {taskinstance.py:2330} INFO - Executing <Task(PythonOperator): crawl_hdfs_urls> on 2025-03-05 15:09:50.824259+00:00
[2025-03-05T15:09:51.969+0000] {standard_task_runner.py:90} INFO - Running: ['***', 'tasks', 'run', 'crawl_tamanh_split_storage', 'crawl_hdfs_urls', 'manual__2025-03-05T15:09:50.824259+00:00', '--job-id', '171', '--raw', '--subdir', 'DAGS_FOLDER/crawl_data_to_hdfs_minio.py', '--cfg-path', '/tmp/tmp_h87sdt3']
[2025-03-05T15:09:51.972+0000] {standard_task_runner.py:91} INFO - Job 171: Subtask crawl_hdfs_urls
[2025-03-05T15:09:51.973+0000] {logging_mixin.py:188} WARNING - /home/***/.local/lib/python3.12/site-packages/***/task/task_runner/standard_task_runner.py:61 DeprecationWarning: This process (pid=483) is multi-threaded, use of fork() may lead to deadlocks in the child.
[2025-03-05T15:09:51.974+0000] {standard_task_runner.py:63} INFO - Started process 492 to run task
[2025-03-05T15:09:52.024+0000] {task_command.py:426} INFO - Running <TaskInstance: crawl_tamanh_split_storage.crawl_hdfs_urls manual__2025-03-05T15:09:50.824259+00:00 [running]> on host 849e908aac59
[2025-03-05T15:09:52.109+0000] {taskinstance.py:2648} INFO - Exporting env vars: AIRFLOW_CTX_DAG_OWNER='***' AIRFLOW_CTX_DAG_ID='crawl_tamanh_split_storage' AIRFLOW_CTX_TASK_ID='crawl_hdfs_urls' AIRFLOW_CTX_EXECUTION_DATE='2025-03-05T15:09:50.824259+00:00' AIRFLOW_CTX_TRY_NUMBER='1' AIRFLOW_CTX_DAG_RUN_ID='manual__2025-03-05T15:09:50.824259+00:00'
[2025-03-05T15:09:52.111+0000] {taskinstance.py:430} INFO - ::endgroup::
[2025-03-05T15:09:52.131+0000] {taskinstance.py:441} INFO - ::group::Post task execution logs
[2025-03-05T15:09:52.132+0000] {taskinstance.py:2905} ERROR - Task failed with exception
Traceback (most recent call last):
  File "/home/airflow/.local/lib/python3.12/site-packages/airflow/models/taskinstance.py", line 465, in _execute_task
    result = _execute_callable(context=context, **execute_callable_kwargs)
             ^^^^^^^^^^^^^^^^^^^^^^^^^^^^^^^^^^^^^^^^^^^^^^^^^^^^^^^^^^^^^
  File "/home/airflow/.local/lib/python3.12/site-packages/airflow/models/taskinstance.py", line 432, in _execute_callable
    return execute_callable(context=context, **execute_callable_kwargs)
           ^^^^^^^^^^^^^^^^^^^^^^^^^^^^^^^^^^^^^^^^^^^^^^^^^^^^^^^^^^^^
  File "/home/airflow/.local/lib/python3.12/site-packages/airflow/models/baseoperator.py", line 401, in wrapper
    return func(self, *args, **kwargs)
           ^^^^^^^^^^^^^^^^^^^^^^^^^^^
  File "/home/airflow/.local/lib/python3.12/site-packages/airflow/operators/python.py", line 235, in execute
    return_value = self.execute_callable()
                   ^^^^^^^^^^^^^^^^^^^^^^^
  File "/home/airflow/.local/lib/python3.12/site-packages/airflow/operators/python.py", line 252, in execute_callable
    return self.python_callable(*self.op_args, **self.op_kwargs)
           ^^^^^^^^^^^^^^^^^^^^^^^^^^^^^^^^^^^^^^^^^^^^^^^^^^^^^
  File "/opt/airflow/dags/crawl_data_to_hdfs_minio.py", line 76, in crawl_hdfs
    for url_data in hdfs_urls:
TypeError: 'NoneType' object is not iterable
[2025-03-05T15:09:52.144+0000] {taskinstance.py:1206} INFO - Marking task as UP_FOR_RETRY. dag_id=crawl_tamanh_split_storage, task_id=crawl_hdfs_urls, run_id=manual__2025-03-05T15:09:50.824259+00:00, execution_date=20250305T150950, start_date=20250305T150951, end_date=20250305T150952
[2025-03-05T15:09:52.157+0000] {standard_task_runner.py:110} ERROR - Failed to execute job 171 for task crawl_hdfs_urls ('NoneType' object is not iterable; 492)
[2025-03-05T15:09:52.188+0000] {local_task_job_runner.py:240} INFO - Task exited with return code 1
[2025-03-05T15:09:52.197+0000] {local_task_job_runner.py:222} INFO - ::endgroup::
