[2025-04-01T10:03:49.294+0000] {local_task_job_runner.py:120} INFO - ::group::Pre task execution logs
[2025-04-01T10:03:49.363+0000] {taskinstance.py:2076} INFO - Dependencies all met for dep_context=non-requeueable deps ti=<TaskInstance: crawl_tamanh.crawl_batch_15 manual__2025-04-01T10:03:19.494716+00:00 [queued]>
[2025-04-01T10:03:49.386+0000] {taskinstance.py:2076} INFO - Dependencies all met for dep_context=requeueable deps ti=<TaskInstance: crawl_tamanh.crawl_batch_15 manual__2025-04-01T10:03:19.494716+00:00 [queued]>
[2025-04-01T10:03:49.387+0000] {taskinstance.py:2306} INFO - Starting attempt 1 of 3
[2025-04-01T10:03:49.430+0000] {taskinstance.py:2330} INFO - Executing <Task(PythonOperator): crawl_batch_15> on 2025-04-01 10:03:19.494716+00:00
[2025-04-01T10:03:49.459+0000] {logging_mixin.py:188} WARNING - /home/***/.local/lib/python3.12/site-packages/***/task/task_runner/standard_task_runner.py:61 DeprecationWarning: This process (pid=1510) is multi-threaded, use of fork() may lead to deadlocks in the child.
[2025-04-01T10:03:49.461+0000] {standard_task_runner.py:63} INFO - Started process 1520 to run task
[2025-04-01T10:03:49.460+0000] {standard_task_runner.py:90} INFO - Running: ['***', 'tasks', 'run', 'crawl_tamanh', 'crawl_batch_15', 'manual__2025-04-01T10:03:19.494716+00:00', '--job-id', '457', '--raw', '--subdir', 'DAGS_FOLDER/crawl_data_with_dag.py', '--cfg-path', '/tmp/tmpqalpk1xc']
[2025-04-01T10:03:49.469+0000] {standard_task_runner.py:91} INFO - Job 457: Subtask crawl_batch_15
[2025-04-01T10:03:49.578+0000] {task_command.py:426} INFO - Running <TaskInstance: crawl_tamanh.crawl_batch_15 manual__2025-04-01T10:03:19.494716+00:00 [running]> on host a2df5b4b52f3
[2025-04-01T10:03:49.761+0000] {taskinstance.py:2648} INFO - Exporting env vars: AIRFLOW_CTX_DAG_OWNER='***' AIRFLOW_CTX_DAG_ID='crawl_tamanh' AIRFLOW_CTX_TASK_ID='crawl_batch_15' AIRFLOW_CTX_EXECUTION_DATE='2025-04-01T10:03:19.494716+00:00' AIRFLOW_CTX_TRY_NUMBER='1' AIRFLOW_CTX_DAG_RUN_ID='manual__2025-04-01T10:03:19.494716+00:00'
[2025-04-01T10:03:49.768+0000] {taskinstance.py:430} INFO - ::endgroup::
[2025-04-01T10:04:14.535+0000] {taskinstance.py:441} INFO - ::group::Post task execution logs
[2025-04-01T10:04:14.536+0000] {taskinstance.py:2905} ERROR - Task failed with exception
Traceback (most recent call last):
  File "/home/airflow/.local/lib/python3.12/site-packages/airflow/models/taskinstance.py", line 465, in _execute_task
    result = _execute_callable(context=context, **execute_callable_kwargs)
             ^^^^^^^^^^^^^^^^^^^^^^^^^^^^^^^^^^^^^^^^^^^^^^^^^^^^^^^^^^^^^
  File "/home/airflow/.local/lib/python3.12/site-packages/airflow/models/taskinstance.py", line 432, in _execute_callable
    return execute_callable(context=context, **execute_callable_kwargs)
           ^^^^^^^^^^^^^^^^^^^^^^^^^^^^^^^^^^^^^^^^^^^^^^^^^^^^^^^^^^^^
  File "/home/airflow/.local/lib/python3.12/site-packages/airflow/models/baseoperator.py", line 401, in wrapper
    return func(self, *args, **kwargs)
           ^^^^^^^^^^^^^^^^^^^^^^^^^^^
  File "/home/airflow/.local/lib/python3.12/site-packages/airflow/operators/python.py", line 235, in execute
    return_value = self.execute_callable()
                   ^^^^^^^^^^^^^^^^^^^^^^^
  File "/home/airflow/.local/lib/python3.12/site-packages/airflow/operators/python.py", line 252, in execute_callable
    return self.python_callable(*self.op_args, **self.op_kwargs)
           ^^^^^^^^^^^^^^^^^^^^^^^^^^^^^^^^^^^^^^^^^^^^^^^^^^^^^
  File "/opt/airflow/dags/crawl_data_with_dag.py", line 101, in process_batch
    writer.writerows(results)
  File "/usr/local/lib/python3.12/csv.py", line 167, in writerows
    return self.writer.writerows(map(self._dict_to_list, rowdicts))
           ^^^^^^^^^^^^^^^^^^^^^^^^^^^^^^^^^^^^^^^^^^^^^^^^^^^^^^^^
  File "/usr/local/lib/python3.12/csv.py", line 157, in _dict_to_list
    wrong_fields = rowdict.keys() - self.fieldnames
                   ^^^^^^^^^^^^
AttributeError: 'str' object has no attribute 'keys'
[2025-04-01T10:04:14.548+0000] {taskinstance.py:1206} INFO - Marking task as UP_FOR_RETRY. dag_id=crawl_tamanh, task_id=crawl_batch_15, run_id=manual__2025-04-01T10:03:19.494716+00:00, execution_date=20250401T100319, start_date=20250401T100349, end_date=20250401T100414
[2025-04-01T10:04:14.563+0000] {standard_task_runner.py:110} ERROR - Failed to execute job 457 for task crawl_batch_15 ((psycopg2.errors.ForeignKeyViolation) insert or update on table "task_fail" violates foreign key constraint "task_fail_ti_fkey"
DETAIL:  Key (dag_id, task_id, run_id, map_index)=(crawl_tamanh, crawl_batch_15, manual__2025-04-01T10:03:19.494716+00:00, -1) is not present in table "task_instance".

[SQL: INSERT INTO task_fail (task_id, dag_id, run_id, map_index, start_date, end_date, duration) VALUES (%(task_id)s, %(dag_id)s, %(run_id)s, %(map_index)s, %(start_date)s, %(end_date)s, %(duration)s) RETURNING task_fail.id]
[parameters: {'task_id': 'crawl_batch_15', 'dag_id': 'crawl_tamanh', 'run_id': 'manual__2025-04-01T10:03:19.494716+00:00', 'map_index': -1, 'start_date': datetime.datetime(2025, 4, 1, 10, 3, 49, 364120, tzinfo=Timezone('UTC')), 'end_date': datetime.datetime(2025, 4, 1, 10, 4, 14, 548374, tzinfo=Timezone('UTC')), 'duration': 25}]
(Background on this error at: https://sqlalche.me/e/14/gkpj); 1520)
[2025-04-01T10:04:14.605+0000] {local_task_job_runner.py:240} INFO - Task exited with return code 1
[2025-04-01T10:04:14.613+0000] {local_task_job_runner.py:222} INFO - ::endgroup::
