[2025-02-28T15:34:49.988+0000] {local_task_job_runner.py:120} INFO - ::group::Pre task execution logs
[2025-02-28T15:34:50.012+0000] {taskinstance.py:2076} INFO - Dependencies all met for dep_context=non-requeueable deps ti=<TaskInstance: crawl_tamanh_split_storage.save_to_hdfs manual__2025-02-28T15:29:42.964253+00:00 [queued]>
[2025-02-28T15:34:50.022+0000] {taskinstance.py:2076} INFO - Dependencies all met for dep_context=requeueable deps ti=<TaskInstance: crawl_tamanh_split_storage.save_to_hdfs manual__2025-02-28T15:29:42.964253+00:00 [queued]>
[2025-02-28T15:34:50.023+0000] {taskinstance.py:2306} INFO - Starting attempt 2 of 3
[2025-02-28T15:34:50.036+0000] {taskinstance.py:2330} INFO - Executing <Task(PythonOperator): save_to_hdfs> on 2025-02-28 15:29:42.964253+00:00
[2025-02-28T15:34:50.044+0000] {logging_mixin.py:188} WARNING - /home/***/.local/lib/python3.12/site-packages/***/task/task_runner/standard_task_runner.py:61 DeprecationWarning: This process (pid=993) is multi-threaded, use of fork() may lead to deadlocks in the child.
[2025-02-28T15:34:50.045+0000] {standard_task_runner.py:63} INFO - Started process 995 to run task
[2025-02-28T15:34:50.044+0000] {standard_task_runner.py:90} INFO - Running: ['***', 'tasks', 'run', 'crawl_tamanh_split_storage', 'save_to_hdfs', 'manual__2025-02-28T15:29:42.964253+00:00', '--job-id', '131', '--raw', '--subdir', 'DAGS_FOLDER/crawl_data_to_hdfs_minio.py', '--cfg-path', '/tmp/tmpx22hyld6']
[2025-02-28T15:34:50.046+0000] {standard_task_runner.py:91} INFO - Job 131: Subtask save_to_hdfs
[2025-02-28T15:34:50.092+0000] {task_command.py:426} INFO - Running <TaskInstance: crawl_tamanh_split_storage.save_to_hdfs manual__2025-02-28T15:29:42.964253+00:00 [running]> on host 43e60d94443a
[2025-02-28T15:34:50.164+0000] {taskinstance.py:2648} INFO - Exporting env vars: AIRFLOW_CTX_DAG_OWNER='***' AIRFLOW_CTX_DAG_ID='crawl_tamanh_split_storage' AIRFLOW_CTX_TASK_ID='save_to_hdfs' AIRFLOW_CTX_EXECUTION_DATE='2025-02-28T15:29:42.964253+00:00' AIRFLOW_CTX_TRY_NUMBER='2' AIRFLOW_CTX_DAG_RUN_ID='manual__2025-02-28T15:29:42.964253+00:00'
[2025-02-28T15:34:50.166+0000] {taskinstance.py:430} INFO - ::endgroup::
[2025-02-28T15:34:50.175+0000] {client.py:192} INFO - Instantiated <InsecureClient(url='http://localhost:9870')>.
[2025-02-28T15:34:50.176+0000] {client.py:320} INFO - Fetching status for '/tamanh/'.
[2025-02-28T15:34:50.179+0000] {taskinstance.py:441} INFO - ::group::Post task execution logs
[2025-02-28T15:34:50.180+0000] {taskinstance.py:2905} ERROR - Task failed with exception
Traceback (most recent call last):
  File "/home/airflow/.local/lib/python3.12/site-packages/urllib3/connection.py", line 198, in _new_conn
    sock = connection.create_connection(
           ^^^^^^^^^^^^^^^^^^^^^^^^^^^^^
  File "/home/airflow/.local/lib/python3.12/site-packages/urllib3/util/connection.py", line 85, in create_connection
    raise err
  File "/home/airflow/.local/lib/python3.12/site-packages/urllib3/util/connection.py", line 73, in create_connection
    sock.connect(sa)
ConnectionRefusedError: [Errno 111] Connection refused

The above exception was the direct cause of the following exception:

Traceback (most recent call last):
  File "/home/airflow/.local/lib/python3.12/site-packages/urllib3/connectionpool.py", line 793, in urlopen
    response = self._make_request(
               ^^^^^^^^^^^^^^^^^^^
  File "/home/airflow/.local/lib/python3.12/site-packages/urllib3/connectionpool.py", line 496, in _make_request
    conn.request(
  File "/home/airflow/.local/lib/python3.12/site-packages/urllib3/connection.py", line 400, in request
    self.endheaders()
  File "/usr/local/lib/python3.12/http/client.py", line 1331, in endheaders
    self._send_output(message_body, encode_chunked=encode_chunked)
  File "/usr/local/lib/python3.12/http/client.py", line 1091, in _send_output
    self.send(msg)
  File "/usr/local/lib/python3.12/http/client.py", line 1035, in send
    self.connect()
  File "/home/airflow/.local/lib/python3.12/site-packages/urllib3/connection.py", line 238, in connect
    self.sock = self._new_conn()
                ^^^^^^^^^^^^^^^^
  File "/home/airflow/.local/lib/python3.12/site-packages/urllib3/connection.py", line 213, in _new_conn
    raise NewConnectionError(
urllib3.exceptions.NewConnectionError: <urllib3.connection.HTTPConnection object at 0x7f594d38d190>: Failed to establish a new connection: [Errno 111] Connection refused

The above exception was the direct cause of the following exception:

Traceback (most recent call last):
  File "/home/airflow/.local/lib/python3.12/site-packages/requests/adapters.py", line 486, in send
    resp = conn.urlopen(
           ^^^^^^^^^^^^^
  File "/home/airflow/.local/lib/python3.12/site-packages/urllib3/connectionpool.py", line 847, in urlopen
    retries = retries.increment(
              ^^^^^^^^^^^^^^^^^^
  File "/home/airflow/.local/lib/python3.12/site-packages/urllib3/util/retry.py", line 515, in increment
    raise MaxRetryError(_pool, url, reason) from reason  # type: ignore[arg-type]
    ^^^^^^^^^^^^^^^^^^^^^^^^^^^^^^^^^^^^^^^^^^^^^^^^^^^
urllib3.exceptions.MaxRetryError: HTTPConnectionPool(host='localhost', port=9870): Max retries exceeded with url: /webhdfs/v1/tamanh?user.name=hdfs&op=GETFILESTATUS (Caused by NewConnectionError('<urllib3.connection.HTTPConnection object at 0x7f594d38d190>: Failed to establish a new connection: [Errno 111] Connection refused'))

During handling of the above exception, another exception occurred:

Traceback (most recent call last):
  File "/home/airflow/.local/lib/python3.12/site-packages/airflow/models/taskinstance.py", line 465, in _execute_task
    result = _execute_callable(context=context, **execute_callable_kwargs)
             ^^^^^^^^^^^^^^^^^^^^^^^^^^^^^^^^^^^^^^^^^^^^^^^^^^^^^^^^^^^^^
  File "/home/airflow/.local/lib/python3.12/site-packages/airflow/models/taskinstance.py", line 432, in _execute_callable
    return execute_callable(context=context, **execute_callable_kwargs)
           ^^^^^^^^^^^^^^^^^^^^^^^^^^^^^^^^^^^^^^^^^^^^^^^^^^^^^^^^^^^^
  File "/home/airflow/.local/lib/python3.12/site-packages/airflow/models/baseoperator.py", line 401, in wrapper
    return func(self, *args, **kwargs)
           ^^^^^^^^^^^^^^^^^^^^^^^^^^^
  File "/home/airflow/.local/lib/python3.12/site-packages/airflow/operators/python.py", line 235, in execute
    return_value = self.execute_callable()
                   ^^^^^^^^^^^^^^^^^^^^^^^
  File "/home/airflow/.local/lib/python3.12/site-packages/airflow/operators/python.py", line 252, in execute_callable
    return self.python_callable(*self.op_args, **self.op_kwargs)
           ^^^^^^^^^^^^^^^^^^^^^^^^^^^^^^^^^^^^^^^^^^^^^^^^^^^^^
  File "/opt/airflow/dags/crawl_data_to_hdfs_minio.py", line 92, in save_to_hdfs
    if not client.status(HDFS_DIR, strict=False):
           ^^^^^^^^^^^^^^^^^^^^^^^^^^^^^^^^^^^^^
  File "/home/airflow/.local/lib/python3.12/site-packages/hdfs/client.py", line 321, in status
    res = self._get_file_status(hdfs_path, strict=strict)
          ^^^^^^^^^^^^^^^^^^^^^^^^^^^^^^^^^^^^^^^^^^^^^^^
  File "/home/airflow/.local/lib/python3.12/site-packages/hdfs/client.py", line 125, in api_handler
    raise err
  File "/home/airflow/.local/lib/python3.12/site-packages/hdfs/client.py", line 102, in api_handler
    res = client._request(
          ^^^^^^^^^^^^^^^^
  File "/home/airflow/.local/lib/python3.12/site-packages/hdfs/client.py", line 209, in _request
    return self._session.request(
           ^^^^^^^^^^^^^^^^^^^^^^
  File "/home/airflow/.local/lib/python3.12/site-packages/requests/sessions.py", line 589, in request
    resp = self.send(prep, **send_kwargs)
           ^^^^^^^^^^^^^^^^^^^^^^^^^^^^^^
  File "/home/airflow/.local/lib/python3.12/site-packages/requests/sessions.py", line 703, in send
    r = adapter.send(request, **kwargs)
        ^^^^^^^^^^^^^^^^^^^^^^^^^^^^^^^
  File "/home/airflow/.local/lib/python3.12/site-packages/requests/adapters.py", line 519, in send
    raise ConnectionError(e, request=request)
requests.exceptions.ConnectionError: HTTPConnectionPool(host='localhost', port=9870): Max retries exceeded with url: /webhdfs/v1/tamanh?user.name=hdfs&op=GETFILESTATUS (Caused by NewConnectionError('<urllib3.connection.HTTPConnection object at 0x7f594d38d190>: Failed to establish a new connection: [Errno 111] Connection refused'))
[2025-02-28T15:34:50.195+0000] {taskinstance.py:1206} INFO - Marking task as UP_FOR_RETRY. dag_id=crawl_tamanh_split_storage, task_id=save_to_hdfs, run_id=manual__2025-02-28T15:29:42.964253+00:00, execution_date=20250228T152942, start_date=20250228T153450, end_date=20250228T153450
[2025-02-28T15:34:50.206+0000] {standard_task_runner.py:110} ERROR - Failed to execute job 131 for task save_to_hdfs (HTTPConnectionPool(host='localhost', port=9870): Max retries exceeded with url: /webhdfs/v1/tamanh?user.name=hdfs&op=GETFILESTATUS (Caused by NewConnectionError('<urllib3.connection.HTTPConnection object at 0x7f594d38d190>: Failed to establish a new connection: [Errno 111] Connection refused')); 995)
[2025-02-28T15:34:50.219+0000] {local_task_job_runner.py:240} INFO - Task exited with return code 1
[2025-02-28T15:34:50.233+0000] {taskinstance.py:3503} INFO - 0 downstream tasks scheduled from follow-on schedule check
[2025-02-28T15:34:50.237+0000] {local_task_job_runner.py:222} INFO - ::endgroup::
