[2025-04-01T10:00:58.581+0000] {local_task_job_runner.py:120} INFO - ::group::Pre task execution logs
[2025-04-01T10:00:58.604+0000] {taskinstance.py:2076} INFO - Dependencies all met for dep_context=non-requeueable deps ti=<TaskInstance: crawl_tamanh.crawl_batch_24 manual__2025-04-01T09:40:45.734165+00:00 [queued]>
[2025-04-01T10:00:58.613+0000] {taskinstance.py:2076} INFO - Dependencies all met for dep_context=requeueable deps ti=<TaskInstance: crawl_tamanh.crawl_batch_24 manual__2025-04-01T09:40:45.734165+00:00 [queued]>
[2025-04-01T10:00:58.613+0000] {taskinstance.py:2306} INFO - Starting attempt 3 of 3
[2025-04-01T10:00:58.646+0000] {taskinstance.py:2330} INFO - Executing <Task(PythonOperator): crawl_batch_24> on 2025-04-01 09:40:45.734165+00:00
[2025-04-01T10:00:58.655+0000] {logging_mixin.py:188} WARNING - /home/***/.local/lib/python3.12/site-packages/***/task/task_runner/standard_task_runner.py:61 DeprecationWarning: This process (pid=1045) is multi-threaded, use of fork() may lead to deadlocks in the child.
[2025-04-01T10:00:58.654+0000] {standard_task_runner.py:90} INFO - Running: ['***', 'tasks', 'run', 'crawl_tamanh', 'crawl_batch_24', 'manual__2025-04-01T09:40:45.734165+00:00', '--job-id', '326', '--raw', '--subdir', 'DAGS_FOLDER/crawl_data_with_dag.py', '--cfg-path', '/tmp/tmpnpq8gn78']
[2025-04-01T10:00:58.656+0000] {standard_task_runner.py:63} INFO - Started process 1047 to run task
[2025-04-01T10:00:58.656+0000] {standard_task_runner.py:91} INFO - Job 326: Subtask crawl_batch_24
[2025-04-01T10:00:58.702+0000] {task_command.py:426} INFO - Running <TaskInstance: crawl_tamanh.crawl_batch_24 manual__2025-04-01T09:40:45.734165+00:00 [running]> on host a2df5b4b52f3
[2025-04-01T10:00:58.776+0000] {taskinstance.py:2648} INFO - Exporting env vars: AIRFLOW_CTX_DAG_OWNER='***' AIRFLOW_CTX_DAG_ID='crawl_tamanh' AIRFLOW_CTX_TASK_ID='crawl_batch_24' AIRFLOW_CTX_EXECUTION_DATE='2025-04-01T09:40:45.734165+00:00' AIRFLOW_CTX_TRY_NUMBER='3' AIRFLOW_CTX_DAG_RUN_ID='manual__2025-04-01T09:40:45.734165+00:00'
[2025-04-01T10:00:58.778+0000] {taskinstance.py:430} INFO - ::endgroup::
[2025-04-01T10:03:09.811+0000] {local_task_job_runner.py:310} WARNING - State of this instance has been externally set to None. Terminating instance.
[2025-04-01T10:03:09.812+0000] {local_task_job_runner.py:222} INFO - ::endgroup::
[2025-04-01T10:03:09.813+0000] {process_utils.py:132} INFO - Sending 15 to group 1047. PIDs of all processes in the group: [1047]
[2025-04-01T10:03:09.813+0000] {process_utils.py:87} INFO - Sending the signal 15 to group 1047
[2025-04-01T10:03:09.814+0000] {taskinstance.py:2611} ERROR - Received SIGTERM. Terminating subprocesses.
[2025-04-01T10:03:09.814+0000] {taskinstance.py:441} INFO - ::group::Post task execution logs
[2025-04-01T10:03:09.822+0000] {taskinstance.py:2905} ERROR - Task failed with exception
Traceback (most recent call last):
  File "/home/airflow/.local/lib/python3.12/site-packages/airflow/models/taskinstance.py", line 465, in _execute_task
    result = _execute_callable(context=context, **execute_callable_kwargs)
             ^^^^^^^^^^^^^^^^^^^^^^^^^^^^^^^^^^^^^^^^^^^^^^^^^^^^^^^^^^^^^
  File "/home/airflow/.local/lib/python3.12/site-packages/airflow/models/taskinstance.py", line 432, in _execute_callable
    return execute_callable(context=context, **execute_callable_kwargs)
           ^^^^^^^^^^^^^^^^^^^^^^^^^^^^^^^^^^^^^^^^^^^^^^^^^^^^^^^^^^^^
  File "/home/airflow/.local/lib/python3.12/site-packages/airflow/models/baseoperator.py", line 401, in wrapper
    return func(self, *args, **kwargs)
           ^^^^^^^^^^^^^^^^^^^^^^^^^^^
  File "/home/airflow/.local/lib/python3.12/site-packages/airflow/operators/python.py", line 235, in execute
    return_value = self.execute_callable()
                   ^^^^^^^^^^^^^^^^^^^^^^^
  File "/home/airflow/.local/lib/python3.12/site-packages/airflow/operators/python.py", line 252, in execute_callable
    return self.python_callable(*self.op_args, **self.op_kwargs)
           ^^^^^^^^^^^^^^^^^^^^^^^^^^^^^^^^^^^^^^^^^^^^^^^^^^^^^
  File "/opt/airflow/dags/crawl_data_with_dag.py", line 94, in process_batch
    results.extend(get_content_from_url(url))  # Lấy dữ liệu từng URL
                   ^^^^^^^^^^^^^^^^^^^^^^^^^
  File "/opt/airflow/dags/crawl_data_with_dag.py", line 45, in get_content_from_url
    soup = BeautifulSoup(response.text, "html.parser")
           ^^^^^^^^^^^^^^^^^^^^^^^^^^^^^^^^^^^^^^^^^^^
  File "/home/airflow/.local/lib/python3.12/site-packages/bs4/__init__.py", line 335, in __init__
    self._feed()
  File "/home/airflow/.local/lib/python3.12/site-packages/bs4/__init__.py", line 478, in _feed
    self.builder.feed(self.markup)
  File "/home/airflow/.local/lib/python3.12/site-packages/bs4/builder/_htmlparser.py", line 380, in feed
    parser.feed(markup)
  File "/usr/local/lib/python3.12/html/parser.py", line 111, in feed
    self.goahead(0)
  File "/usr/local/lib/python3.12/html/parser.py", line 171, in goahead
    k = self.parse_starttag(i)
        ^^^^^^^^^^^^^^^^^^^^^^
  File "/usr/local/lib/python3.12/html/parser.py", line 338, in parse_starttag
    self.handle_starttag(tag, attrs)
  File "/home/airflow/.local/lib/python3.12/site-packages/bs4/builder/_htmlparser.py", line 137, in handle_starttag
    tag = self.soup.handle_starttag(
          ^^^^^^^^^^^^^^^^^^^^^^^^^^
  File "/home/airflow/.local/lib/python3.12/site-packages/bs4/__init__.py", line 742, in handle_starttag
    self.endData()
  File "/home/airflow/.local/lib/python3.12/site-packages/bs4/__init__.py", line 598, in endData
    if i not in self.ASCII_SPACES:
       ^^^^^^^^^^^^^^^^^^^^^^^^^^
  File "/home/airflow/.local/lib/python3.12/site-packages/airflow/models/taskinstance.py", line 2613, in signal_handler
    raise AirflowTaskTerminated("Task received SIGTERM signal")
airflow.exceptions.AirflowTaskTerminated: Task received SIGTERM signal
[2025-04-01T10:03:09.830+0000] {taskinstance.py:1206} INFO - Marking task as FAILED. dag_id=crawl_tamanh, task_id=crawl_batch_24, run_id=manual__2025-04-01T09:40:45.734165+00:00, execution_date=20250401T094045, start_date=20250401T100058, end_date=20250401T100309
[2025-04-01T10:03:09.841+0000] {standard_task_runner.py:110} ERROR - Failed to execute job 326 for task crawl_batch_24 ((psycopg2.errors.ForeignKeyViolation) insert or update on table "task_fail" violates foreign key constraint "task_fail_ti_fkey"
DETAIL:  Key (dag_id, task_id, run_id, map_index)=(crawl_tamanh, crawl_batch_24, manual__2025-04-01T09:40:45.734165+00:00, -1) is not present in table "task_instance".

[SQL: INSERT INTO task_fail (task_id, dag_id, run_id, map_index, start_date, end_date, duration) VALUES (%(task_id)s, %(dag_id)s, %(run_id)s, %(map_index)s, %(start_date)s, %(end_date)s, %(duration)s) RETURNING task_fail.id]
[parameters: {'task_id': 'crawl_batch_24', 'dag_id': 'crawl_tamanh', 'run_id': 'manual__2025-04-01T09:40:45.734165+00:00', 'map_index': -1, 'start_date': datetime.datetime(2025, 4, 1, 10, 0, 58, 605531, tzinfo=Timezone('UTC')), 'end_date': datetime.datetime(2025, 4, 1, 10, 3, 9, 830179, tzinfo=Timezone('UTC')), 'duration': 131}]
(Background on this error at: https://sqlalche.me/e/14/gkpj); 1047)
[2025-04-01T10:03:09.866+0000] {process_utils.py:80} INFO - Process psutil.Process(pid=1047, status='terminated', exitcode=1, started='10:00:58') (1047) terminated with exit code 1
