[2025-02-28T12:56:41.722+0000] {local_task_job_runner.py:120} INFO - ::group::Pre task execution logs
[2025-02-28T12:56:41.756+0000] {taskinstance.py:2076} INFO - Dependencies all met for dep_context=non-requeueable deps ti=<TaskInstance: sampledagname.print_date scheduled__2025-02-27T00:00:00+00:00 [queued]>
[2025-02-28T12:56:41.763+0000] {taskinstance.py:2076} INFO - Dependencies all met for dep_context=requeueable deps ti=<TaskInstance: sampledagname.print_date scheduled__2025-02-27T00:00:00+00:00 [queued]>
[2025-02-28T12:56:41.763+0000] {taskinstance.py:2306} INFO - Starting attempt 1 of 2
[2025-02-28T12:56:41.774+0000] {taskinstance.py:2330} INFO - Executing <Task(BashOperator): print_date> on 2025-02-27 00:00:00+00:00
[2025-02-28T12:56:41.781+0000] {standard_task_runner.py:90} INFO - Running: ['***', 'tasks', 'run', 'sampledagname', 'print_date', 'scheduled__2025-02-27T00:00:00+00:00', '--job-id', '4', '--raw', '--subdir', 'DAGS_FOLDER/first_dag.py', '--cfg-path', '/tmp/tmpzlv22_03']
[2025-02-28T12:56:41.783+0000] {standard_task_runner.py:91} INFO - Job 4: Subtask print_date
[2025-02-28T12:56:41.785+0000] {logging_mixin.py:188} WARNING - /home/***/.local/lib/python3.12/site-packages/***/task/task_runner/standard_task_runner.py:61 DeprecationWarning: This process (pid=362) is multi-threaded, use of fork() may lead to deadlocks in the child.
[2025-02-28T12:56:41.785+0000] {standard_task_runner.py:63} INFO - Started process 363 to run task
[2025-02-28T12:56:41.822+0000] {task_command.py:426} INFO - Running <TaskInstance: sampledagname.print_date scheduled__2025-02-27T00:00:00+00:00 [running]> on host f8a5e477ae3b
[2025-02-28T12:56:41.893+0000] {taskinstance.py:2648} INFO - Exporting env vars: AIRFLOW_CTX_DAG_EMAIL='***@example.com' AIRFLOW_CTX_DAG_OWNER='***' AIRFLOW_CTX_DAG_ID='sampledagname' AIRFLOW_CTX_TASK_ID='print_date' AIRFLOW_CTX_EXECUTION_DATE='2025-02-27T00:00:00+00:00' AIRFLOW_CTX_TRY_NUMBER='1' AIRFLOW_CTX_DAG_RUN_ID='scheduled__2025-02-27T00:00:00+00:00'
[2025-02-28T12:56:41.894+0000] {taskinstance.py:430} INFO - ::endgroup::
[2025-02-28T12:56:41.904+0000] {subprocess.py:63} INFO - Tmp dir root location: /tmp
[2025-02-28T12:56:41.905+0000] {subprocess.py:75} INFO - Running command: ['/usr/bin/bash', '-c', 'date']
[2025-02-28T12:56:41.914+0000] {subprocess.py:86} INFO - Output:
[2025-02-28T12:56:41.921+0000] {subprocess.py:93} INFO - Fri Feb 28 12:56:41 UTC 2025
[2025-02-28T12:56:41.922+0000] {subprocess.py:97} INFO - Command exited with return code 0
[2025-02-28T12:56:41.923+0000] {taskinstance.py:441} INFO - ::group::Post task execution logs
[2025-02-28T12:56:41.943+0000] {taskinstance.py:1206} INFO - Marking task as SUCCESS. dag_id=sampledagname, task_id=print_date, run_id=scheduled__2025-02-27T00:00:00+00:00, execution_date=20250227T000000, start_date=20250228T125641, end_date=20250228T125641
[2025-02-28T12:56:41.959+0000] {local_task_job_runner.py:240} INFO - Task exited with return code 0
[2025-02-28T12:56:41.972+0000] {taskinstance.py:3503} INFO - 0 downstream tasks scheduled from follow-on schedule check
[2025-02-28T12:56:41.975+0000] {local_task_job_runner.py:222} INFO - ::endgroup::
