[2025-03-05T15:22:21.994+0000] {local_task_job_runner.py:120} INFO - ::group::Pre task execution logs
[2025-03-05T15:22:22.017+0000] {taskinstance.py:2076} INFO - Dependencies all met for dep_context=non-requeueable deps ti=<TaskInstance: crawl_tamanh_split_storage.crawl_hdfs_urls manual__2025-03-05T15:12:17.262451+00:00 [queued]>
[2025-03-05T15:22:22.023+0000] {taskinstance.py:2076} INFO - Dependencies all met for dep_context=requeueable deps ti=<TaskInstance: crawl_tamanh_split_storage.crawl_hdfs_urls manual__2025-03-05T15:12:17.262451+00:00 [queued]>
[2025-03-05T15:22:22.023+0000] {taskinstance.py:2306} INFO - Starting attempt 3 of 3
[2025-03-05T15:22:22.036+0000] {taskinstance.py:2330} INFO - Executing <Task(PythonOperator): crawl_hdfs_urls> on 2025-03-05 15:12:17.262451+00:00
[2025-03-05T15:22:22.043+0000] {logging_mixin.py:188} WARNING - /home/***/.local/lib/python3.12/site-packages/***/task/task_runner/standard_task_runner.py:61 DeprecationWarning: This process (pid=486) is multi-threaded, use of fork() may lead to deadlocks in the child.
[2025-03-05T15:22:22.043+0000] {standard_task_runner.py:90} INFO - Running: ['***', 'tasks', 'run', 'crawl_tamanh_split_storage', 'crawl_hdfs_urls', 'manual__2025-03-05T15:12:17.262451+00:00', '--job-id', '237', '--raw', '--subdir', 'DAGS_FOLDER/crawl_data_to_hdfs_minio.py', '--cfg-path', '/tmp/tmplje6ocs_']
[2025-03-05T15:22:22.044+0000] {standard_task_runner.py:63} INFO - Started process 491 to run task
[2025-03-05T15:22:22.045+0000] {standard_task_runner.py:91} INFO - Job 237: Subtask crawl_hdfs_urls
[2025-03-05T15:22:22.089+0000] {task_command.py:426} INFO - Running <TaskInstance: crawl_tamanh_split_storage.crawl_hdfs_urls manual__2025-03-05T15:12:17.262451+00:00 [running]> on host 38e71b002841
[2025-03-05T15:22:22.157+0000] {taskinstance.py:2648} INFO - Exporting env vars: AIRFLOW_CTX_DAG_OWNER='***' AIRFLOW_CTX_DAG_ID='crawl_tamanh_split_storage' AIRFLOW_CTX_TASK_ID='crawl_hdfs_urls' AIRFLOW_CTX_EXECUTION_DATE='2025-03-05T15:12:17.262451+00:00' AIRFLOW_CTX_TRY_NUMBER='3' AIRFLOW_CTX_DAG_RUN_ID='manual__2025-03-05T15:12:17.262451+00:00'
[2025-03-05T15:22:22.158+0000] {taskinstance.py:430} INFO - ::endgroup::
[2025-03-05T15:22:22.178+0000] {taskinstance.py:441} INFO - ::group::Post task execution logs
[2025-03-05T15:22:22.178+0000] {taskinstance.py:2905} ERROR - Task failed with exception
Traceback (most recent call last):
  File "/home/airflow/.local/lib/python3.12/site-packages/airflow/models/taskinstance.py", line 465, in _execute_task
    result = _execute_callable(context=context, **execute_callable_kwargs)
             ^^^^^^^^^^^^^^^^^^^^^^^^^^^^^^^^^^^^^^^^^^^^^^^^^^^^^^^^^^^^^
  File "/home/airflow/.local/lib/python3.12/site-packages/airflow/models/taskinstance.py", line 432, in _execute_callable
    return execute_callable(context=context, **execute_callable_kwargs)
           ^^^^^^^^^^^^^^^^^^^^^^^^^^^^^^^^^^^^^^^^^^^^^^^^^^^^^^^^^^^^
  File "/home/airflow/.local/lib/python3.12/site-packages/airflow/models/baseoperator.py", line 401, in wrapper
    return func(self, *args, **kwargs)
           ^^^^^^^^^^^^^^^^^^^^^^^^^^^
  File "/home/airflow/.local/lib/python3.12/site-packages/airflow/operators/python.py", line 235, in execute
    return_value = self.execute_callable()
                   ^^^^^^^^^^^^^^^^^^^^^^^
  File "/home/airflow/.local/lib/python3.12/site-packages/airflow/operators/python.py", line 252, in execute_callable
    return self.python_callable(*self.op_args, **self.op_kwargs)
           ^^^^^^^^^^^^^^^^^^^^^^^^^^^^^^^^^^^^^^^^^^^^^^^^^^^^^
  File "/opt/airflow/dags/crawl_data_to_hdfs_minio.py", line 76, in crawl_hdfs
    for url_data in hdfs_urls:
TypeError: 'NoneType' object is not iterable
[2025-03-05T15:22:22.189+0000] {taskinstance.py:1206} INFO - Marking task as FAILED. dag_id=crawl_tamanh_split_storage, task_id=crawl_hdfs_urls, run_id=manual__2025-03-05T15:12:17.262451+00:00, execution_date=20250305T151217, start_date=20250305T152222, end_date=20250305T152222
[2025-03-05T15:22:22.198+0000] {standard_task_runner.py:110} ERROR - Failed to execute job 237 for task crawl_hdfs_urls ('NoneType' object is not iterable; 491)
[2025-03-05T15:22:22.218+0000] {local_task_job_runner.py:240} INFO - Task exited with return code 1
[2025-03-05T15:22:22.226+0000] {local_task_job_runner.py:222} INFO - ::endgroup::
